model:BERT
train_file_path_task:./data/Task1.train.12t.csv
test_file_path_task:./data/Task1.test.12t.csv
save_path:./saved_models/
random_seed:719
bert_model:albert
max_seq_length:512
hidden_size:768
hidden_dropout_prob:0.2
loss:FocalLoss
focal_loss_reduction:mean
focal_loss_alpha:0.5
focal_loss_gamma:2
num_epochs:300
batch_size:16
gradient_accumulation_steps:4
learning_rate:0.0001
betas:(0.9, 0.99)
weight_decay:5e-05
num_of_class:12
threshold:0.5
early_stop_criterion:loss
early_stop_patience:30
use_cuda:True
gpu:2
device:cuda
Training Set Size 564, Validation Set Size 188
epoch  1 train end : avg_train_loss = 0.0636
epoch  1 train end : avg_accuracy_score = 0.7699
epoch  1 train end : macro_precision_score = 0.1799
epoch  1 train end : macro_recall_score = 0.1387
epoch  1 train end : macro_f1_score = 0.1347
valid_accuracy_score_each_class = ['0.8777', '0.7606', '0.7447', '0.7819', '0.9362', '0.9255', '0.9840', '0.7394', '0.9149', '0.9468', '0.8883', '0.7660']
valid_precision_score_each_class = ['1.0000', '0.8333', '1.0000', '0.6154', '1.0000', '1.0000', '1.0000', '1.0000', '1.0000', '1.0000', '1.0000', '1.0000']
valid_recall_score_each_class = ['0.0000', '0.1887', '0.0000', '0.4800', '0.0000', '0.0000', '0.0000', '0.0200', '0.0000', '0.0000', '0.0000', '0.0000']
valid_f1_score_each_class = ['0.0000', '0.3077', '0.0000', '0.5393', '0.0000', '0.0000', '0.0000', '0.0392', '0.0000', '0.0000', '0.0000', '0.0000']
epoch  1 valid end : avg_val_loss = 0.0497
epoch  1 valid end : avg_accuracy_score = 0.8555
epoch  1 valid end : macro_precision_score = 0.9541
epoch  1 valid end : macro_recall_score = 0.0574
epoch  1 valid end : macro_f1_score = 0.0739
Model saved at epoch: 1
Write to checkpoint
epoch  2 train end : avg_train_loss = 0.0440
epoch  2 train end : avg_accuracy_score = 0.8688
epoch  2 train end : macro_precision_score = 0.5477
epoch  2 train end : macro_recall_score = 0.1527
epoch  2 train end : macro_f1_score = 0.1970
valid_accuracy_score_each_class = ['0.8830', '0.8351', '0.8298', '0.8245', '0.9362', '0.9255', '0.9840', '0.8191', '0.9149', '0.9468', '0.8883', '0.9681']
valid_precision_score_each_class = ['1.0000', '0.8235', '0.8636', '0.8148', '1.0000', '1.0000', '1.0000', '1.0000', '1.0000', '1.0000', '1.0000', '0.9750']
valid_recall_score_each_class = ['0.0435', '0.5283', '0.3958', '0.4400', '0.0000', '0.0000', '0.0000', '0.3200', '0.0000', '0.0000', '0.0000', '0.8864']
valid_f1_score_each_class = ['0.0833', '0.6437', '0.5429', '0.5714', '0.0000', '0.0000', '0.0000', '0.4848', '0.0000', '0.0000', '0.0000', '0.9286']
epoch  2 valid end : avg_val_loss = 0.0381
epoch  2 valid end : avg_accuracy_score = 0.8963
epoch  2 valid end : macro_precision_score = 0.9564
epoch  2 valid end : macro_recall_score = 0.2178
epoch  2 valid end : macro_f1_score = 0.2712
Model saved at epoch: 2
Write to checkpoint
epoch  3 train end : avg_train_loss = 0.0338
epoch  3 train end : avg_accuracy_score = 0.9050
epoch  3 train end : macro_precision_score = 0.8691
epoch  3 train end : macro_recall_score = 0.3239
epoch  3 train end : macro_f1_score = 0.3610
valid_accuracy_score_each_class = ['0.8777', '0.7926', '0.8830', '0.8457', '0.9362', '0.9255', '0.9840', '0.7979', '0.9149', '0.9468', '0.9574', '0.9681']
valid_precision_score_each_class = ['0.5000', '0.5814', '0.7097', '0.6667', '1.0000', '1.0000', '1.0000', '0.5789', '1.0000', '1.0000', '1.0000', '1.0000']
valid_recall_score_each_class = ['0.1739', '0.9434', '0.9167', '0.8400', '0.0000', '0.0000', '0.0000', '0.8800', '0.0000', '0.0000', '0.6190', '0.8636']
valid_f1_score_each_class = ['0.2581', '0.7194', '0.8000', '0.7434', '0.0000', '0.0000', '0.0000', '0.6984', '0.0000', '0.0000', '0.7647', '0.9268']
epoch  3 valid end : avg_val_loss = 0.0321
epoch  3 valid end : avg_accuracy_score = 0.9025
epoch  3 valid end : macro_precision_score = 0.8364
epoch  3 valid end : macro_recall_score = 0.4364
epoch  3 valid end : macro_f1_score = 0.4092
Model saved at epoch: 3
Write to checkpoint
epoch  4 train end : avg_train_loss = 0.0253
epoch  4 train end : avg_accuracy_score = 0.9289
epoch  4 train end : macro_precision_score = 0.8987
epoch  4 train end : macro_recall_score = 0.4380
epoch  4 train end : macro_f1_score = 0.4651
valid_accuracy_score_each_class = ['0.8883', '0.9043', '0.9149', '0.8777', '0.9362', '0.9468', '0.9840', '0.8723', '0.9202', '0.9521', '0.9628', '0.9734']
valid_precision_score_each_class = ['0.5625', '0.8182', '0.8333', '0.7455', '1.0000', '1.0000', '1.0000', '0.8250', '1.0000', '1.0000', '0.9375', '0.9535']
valid_recall_score_each_class = ['0.3913', '0.8491', '0.8333', '0.8200', '0.0000', '0.2857', '0.0000', '0.6600', '0.0625', '0.1000', '0.7143', '0.9318']
valid_f1_score_each_class = ['0.4615', '0.8333', '0.8333', '0.7810', '0.0000', '0.4444', '0.0000', '0.7333', '0.1176', '0.1818', '0.8108', '0.9425']
epoch  4 valid end : avg_val_loss = 0.0247
epoch  4 valid end : avg_accuracy_score = 0.9277
epoch  4 valid end : macro_precision_score = 0.8896
epoch  4 valid end : macro_recall_score = 0.4707
epoch  4 valid end : macro_f1_score = 0.5116
Model saved at epoch: 4
Write to checkpoint
epoch  5 train end : avg_train_loss = 0.0203
epoch  5 train end : avg_accuracy_score = 0.9446
epoch  5 train end : macro_precision_score = 0.8597
epoch  5 train end : macro_recall_score = 0.5411
epoch  5 train end : macro_f1_score = 0.5879
valid_accuracy_score_each_class = ['0.8936', '0.9202', '0.9309', '0.9096', '0.9362', '0.9468', '0.9840', '0.9149', '0.9202', '0.9521', '0.9734', '0.9681']
valid_precision_score_each_class = ['0.8000', '0.8276', '0.8070', '0.8235', '1.0000', '1.0000', '1.0000', '0.8400', '1.0000', '1.0000', '0.9444', '0.9318']
valid_recall_score_each_class = ['0.1739', '0.9057', '0.9583', '0.8400', '0.0000', '0.2857', '0.0000', '0.8400', '0.0625', '0.1000', '0.8095', '0.9318']
valid_f1_score_each_class = ['0.2857', '0.8649', '0.8762', '0.8317', '0.0000', '0.4444', '0.0000', '0.8400', '0.1176', '0.1818', '0.8718', '0.9318']
epoch  5 valid end : avg_val_loss = 0.0231
epoch  5 valid end : avg_accuracy_score = 0.9375
epoch  5 valid end : macro_precision_score = 0.9145
epoch  5 valid end : macro_recall_score = 0.4923
epoch  5 valid end : macro_f1_score = 0.5205
Model saved at epoch: 5
Write to checkpoint
epoch  6 train end : avg_train_loss = 0.0160
epoch  6 train end : avg_accuracy_score = 0.9555
epoch  6 train end : macro_precision_score = 0.8786
epoch  6 train end : macro_recall_score = 0.6182
epoch  6 train end : macro_f1_score = 0.6821
valid_accuracy_score_each_class = ['0.8883', '0.9309', '0.9202', '0.9202', '0.9415', '0.9521', '0.9894', '0.9309', '0.9255', '0.9628', '0.9840', '0.9787']
valid_precision_score_each_class = ['0.7500', '0.8846', '0.8837', '0.9070', '1.0000', '1.0000', '1.0000', '0.9302', '1.0000', '1.0000', '0.9500', '0.9762']
valid_recall_score_each_class = ['0.1304', '0.8679', '0.7917', '0.7800', '0.0833', '0.3571', '0.3333', '0.8000', '0.1250', '0.3000', '0.9048', '0.9318']
valid_f1_score_each_class = ['0.2222', '0.8762', '0.8352', '0.8387', '0.1538', '0.5263', '0.5000', '0.8602', '0.2222', '0.4615', '0.9268', '0.9535']
epoch  6 valid end : avg_val_loss = 0.0221
epoch  6 valid end : avg_accuracy_score = 0.9437
epoch  6 valid end : macro_precision_score = 0.9401
epoch  6 valid end : macro_recall_score = 0.5338
epoch  6 valid end : macro_f1_score = 0.6147
Model saved at epoch: 6
Write to checkpoint
epoch  7 train end : avg_train_loss = 0.0140
epoch  7 train end : avg_accuracy_score = 0.9623
epoch  7 train end : macro_precision_score = 0.8899
epoch  7 train end : macro_recall_score = 0.6973
epoch  7 train end : macro_f1_score = 0.7554
valid_accuracy_score_each_class = ['0.9202', '0.9043', '0.9468', '0.9149', '0.9681', '0.9787', '0.9894', '0.9255', '0.9255', '0.9628', '0.9787', '0.9734']
valid_precision_score_each_class = ['0.7222', '0.7869', '0.8958', '0.8148', '1.0000', '0.9167', '1.0000', '0.8462', '1.0000', '1.0000', '0.9474', '0.9535']
valid_recall_score_each_class = ['0.5652', '0.9057', '0.8958', '0.8800', '0.5000', '0.7857', '0.3333', '0.8800', '0.1250', '0.3000', '0.8571', '0.9318']
valid_f1_score_each_class = ['0.6341', '0.8421', '0.8958', '0.8462', '0.6667', '0.8462', '0.5000', '0.8627', '0.2222', '0.4615', '0.9000', '0.9425']
epoch  7 valid end : avg_val_loss = 0.0217
epoch  7 valid end : avg_accuracy_score = 0.9490
epoch  7 valid end : macro_precision_score = 0.9070
epoch  7 valid end : macro_recall_score = 0.6633
epoch  7 valid end : macro_f1_score = 0.7183
Model saved at epoch: 7
Write to checkpoint
epoch  8 train end : avg_train_loss = 0.0110
epoch  8 train end : avg_accuracy_score = 0.9709
epoch  8 train end : macro_precision_score = 0.9200
epoch  8 train end : macro_recall_score = 0.7862
epoch  8 train end : macro_f1_score = 0.8353
valid_accuracy_score_each_class = ['0.9043', '0.9096', '0.9415', '0.8989', '0.9681', '0.9681', '0.9894', '0.9415', '0.9415', '0.9681', '0.9787', '0.9787']
valid_precision_score_each_class = ['0.6471', '0.8103', '0.8364', '0.8039', '1.0000', '0.9000', '1.0000', '0.9149', '0.7778', '1.0000', '0.9474', '0.9762']
valid_recall_score_each_class = ['0.4783', '0.8868', '0.9583', '0.8200', '0.5000', '0.6429', '0.3333', '0.8600', '0.4375', '0.4000', '0.8571', '0.9318']
valid_f1_score_each_class = ['0.5500', '0.8468', '0.8932', '0.8119', '0.6667', '0.7500', '0.5000', '0.8866', '0.5600', '0.5714', '0.9000', '0.9535']
epoch  8 valid end : avg_val_loss = 0.0205
epoch  8 valid end : avg_accuracy_score = 0.9490
epoch  8 valid end : macro_precision_score = 0.8845
epoch  8 valid end : macro_recall_score = 0.6755
epoch  8 valid end : macro_f1_score = 0.7408
Model saved at epoch: 8
Write to checkpoint
epoch  9 train end : avg_train_loss = 0.0093
epoch  9 train end : avg_accuracy_score = 0.9772
epoch  9 train end : macro_precision_score = 0.9280
epoch  9 train end : macro_recall_score = 0.8566
epoch  9 train end : macro_f1_score = 0.8865
valid_accuracy_score_each_class = ['0.9043', '0.8989', '0.9255', '0.8989', '0.9628', '0.9628', '0.9894', '0.9415', '0.9255', '0.9734', '0.9894', '0.9894']
valid_precision_score_each_class = ['0.6316', '0.7576', '0.7931', '0.7541', '1.0000', '0.8889', '1.0000', '0.9149', '1.0000', '1.0000', '1.0000', '1.0000']
valid_recall_score_each_class = ['0.5217', '0.9434', '0.9583', '0.9200', '0.4167', '0.5714', '0.3333', '0.8600', '0.1250', '0.5000', '0.9048', '0.9545']
valid_f1_score_each_class = ['0.5714', '0.8403', '0.8679', '0.8288', '0.5882', '0.6957', '0.5000', '0.8866', '0.2222', '0.6667', '0.9500', '0.9767']
epoch  9 valid end : avg_val_loss = 0.0222
epoch  9 valid end : avg_accuracy_score = 0.9468
epoch  9 valid end : macro_precision_score = 0.8950
epoch  9 valid end : macro_recall_score = 0.6674
epoch  9 valid end : macro_f1_score = 0.7162
Model saved at epoch: 9
Write to checkpoint
epoch 10 train end : avg_train_loss = 0.0084
epoch 10 train end : avg_accuracy_score = 0.9811
epoch 10 train end : macro_precision_score = 0.9507
epoch 10 train end : macro_recall_score = 0.8970
epoch 10 train end : macro_f1_score = 0.9208
valid_accuracy_score_each_class = ['0.8989', '0.9149', '0.9309', '0.8989', '0.9734', '0.9787', '0.9894', '0.9521', '0.9415', '0.9681', '0.9734', '0.9840']
valid_precision_score_each_class = ['0.6429', '0.8364', '0.8431', '0.8163', '0.8889', '0.9167', '1.0000', '0.9362', '0.8571', '1.0000', '0.9444', '0.9767']
valid_recall_score_each_class = ['0.3913', '0.8679', '0.8958', '0.8000', '0.6667', '0.7857', '0.3333', '0.8800', '0.3750', '0.4000', '0.8095', '0.9545']
valid_f1_score_each_class = ['0.4865', '0.8519', '0.8687', '0.8081', '0.7619', '0.8462', '0.5000', '0.9072', '0.5217', '0.5714', '0.8718', '0.9655']
epoch 10 valid end : avg_val_loss = 0.0194
epoch 10 valid end : avg_accuracy_score = 0.9504
epoch 10 valid end : macro_precision_score = 0.8882
epoch 10 valid end : macro_recall_score = 0.6800
epoch 10 valid end : macro_f1_score = 0.7467
Model saved at epoch: 10
Write to checkpoint
epoch 11 train end : avg_train_loss = 0.0068
epoch 11 train end : avg_accuracy_score = 0.9852
epoch 11 train end : macro_precision_score = 0.9635
epoch 11 train end : macro_recall_score = 0.9072
epoch 11 train end : macro_f1_score = 0.9313
valid_accuracy_score_each_class = ['0.9043', '0.9043', '0.9628', '0.8989', '0.9681', '0.9840', '0.9894', '0.9468', '0.9521', '0.9734', '0.9840', '0.9840']
valid_precision_score_each_class = ['0.6087', '0.8070', '0.9184', '0.8298', '0.8750', '0.9231', '0.6667', '0.9348', '0.8182', '1.0000', '1.0000', '0.9767']
valid_recall_score_each_class = ['0.6087', '0.8679', '0.9375', '0.7800', '0.5833', '0.8571', '0.6667', '0.8600', '0.5625', '0.5000', '0.8571', '0.9545']
valid_f1_score_each_class = ['0.6087', '0.8364', '0.9278', '0.8041', '0.7000', '0.8889', '0.6667', '0.8958', '0.6667', '0.6667', '0.9231', '0.9655']
epoch 11 valid end : avg_val_loss = 0.0192
epoch 11 valid end : avg_accuracy_score = 0.9543
epoch 11 valid end : macro_precision_score = 0.8632
epoch 11 valid end : macro_recall_score = 0.7530
epoch 11 valid end : macro_f1_score = 0.7959
Model saved at epoch: 11
Write to checkpoint
epoch 12 train end : avg_train_loss = 0.0058
epoch 12 train end : avg_accuracy_score = 0.9900
epoch 12 train end : macro_precision_score = 0.9673
epoch 12 train end : macro_recall_score = 0.9596
epoch 12 train end : macro_f1_score = 0.9632
valid_accuracy_score_each_class = ['0.8883', '0.9043', '0.9521', '0.8989', '0.9840', '0.9787', '0.9894', '0.9415', '0.9362', '0.9787', '0.9787', '0.9840']
valid_precision_score_each_class = ['0.5385', '0.7966', '0.8824', '0.7818', '1.0000', '1.0000', '1.0000', '0.9333', '1.0000', '0.8750', '0.9474', '0.9767']
valid_recall_score_each_class = ['0.6087', '0.8868', '0.9375', '0.8600', '0.7500', '0.7143', '0.3333', '0.8400', '0.2500', '0.7000', '0.8571', '0.9545']
valid_f1_score_each_class = ['0.5714', '0.8393', '0.9091', '0.8190', '0.8571', '0.8333', '0.5000', '0.8842', '0.4000', '0.7778', '0.9000', '0.9655']
epoch 12 valid end : avg_val_loss = 0.0200
epoch 12 valid end : avg_accuracy_score = 0.9512
epoch 12 valid end : macro_precision_score = 0.8943
epoch 12 valid end : macro_recall_score = 0.7244
epoch 12 valid end : macro_f1_score = 0.7714
Model saved at epoch: 12
Write to checkpoint
epoch 13 train end : avg_train_loss = 0.0056
epoch 13 train end : avg_accuracy_score = 0.9898
epoch 13 train end : macro_precision_score = 0.9696
epoch 13 train end : macro_recall_score = 0.9430
epoch 13 train end : macro_f1_score = 0.9546
valid_accuracy_score_each_class = ['0.8989', '0.8936', '0.9521', '0.9202', '0.9681', '0.9840', '0.9894', '0.9468', '0.9415', '0.9681', '0.9787', '0.9734']
valid_precision_score_each_class = ['0.6429', '0.7705', '0.8824', '0.8431', '1.0000', '1.0000', '0.6667', '0.9545', '0.7778', '1.0000', '1.0000', '0.9333']
valid_recall_score_each_class = ['0.3913', '0.8868', '0.9375', '0.8600', '0.5000', '0.7857', '0.6667', '0.8400', '0.4375', '0.4000', '0.8095', '0.9545']
valid_f1_score_each_class = ['0.4865', '0.8246', '0.9091', '0.8515', '0.6667', '0.8800', '0.6667', '0.8936', '0.5600', '0.5714', '0.8947', '0.9438']
epoch 13 valid end : avg_val_loss = 0.0207
epoch 13 valid end : avg_accuracy_score = 0.9512
epoch 13 valid end : macro_precision_score = 0.8726
epoch 13 valid end : macro_recall_score = 0.7058
epoch 13 valid end : macro_f1_score = 0.7624
epoch 14 train end : avg_train_loss = 0.0050
epoch 14 train end : avg_accuracy_score = 0.9907
epoch 14 train end : macro_precision_score = 0.9801
epoch 14 train end : macro_recall_score = 0.9614
epoch 14 train end : macro_f1_score = 0.9704
valid_accuracy_score_each_class = ['0.8989', '0.9202', '0.9521', '0.8936', '0.9734', '0.9894', '0.9894', '0.9202', '0.9468', '0.9681', '0.9840', '0.9681']
valid_precision_score_each_class = ['0.5833', '0.8519', '0.9149', '0.8409', '0.8889', '1.0000', '1.0000', '0.9268', '1.0000', '0.7000', '1.0000', '0.9130']
valid_recall_score_each_class = ['0.6087', '0.8679', '0.8958', '0.7400', '0.6667', '0.8571', '0.3333', '0.7600', '0.3750', '0.7000', '0.8571', '0.9545']
valid_f1_score_each_class = ['0.5957', '0.8598', '0.9053', '0.7872', '0.7619', '0.9231', '0.5000', '0.8352', '0.5455', '0.7000', '0.9231', '0.9333']
epoch 14 valid end : avg_val_loss = 0.0216
epoch 14 valid end : avg_accuracy_score = 0.9504
epoch 14 valid end : macro_precision_score = 0.8850
epoch 14 valid end : macro_recall_score = 0.7180
epoch 14 valid end : macro_f1_score = 0.7725
Model saved at epoch: 14
Write to checkpoint
epoch 15 train end : avg_train_loss = 0.0049
epoch 15 train end : avg_accuracy_score = 0.9889
epoch 15 train end : macro_precision_score = 0.9682
epoch 15 train end : macro_recall_score = 0.9597
epoch 15 train end : macro_f1_score = 0.9635
valid_accuracy_score_each_class = ['0.9096', '0.9149', '0.9628', '0.9096', '0.9681', '0.9840', '0.9894', '0.9255', '0.9468', '0.9734', '0.9628', '0.9734']
valid_precision_score_each_class = ['0.6667', '0.8627', '1.0000', '0.8367', '0.8750', '1.0000', '1.0000', '0.9286', '1.0000', '0.8571', '0.9375', '0.9535']
valid_recall_score_each_class = ['0.5217', '0.8302', '0.8542', '0.8200', '0.5833', '0.7857', '0.3333', '0.7800', '0.3750', '0.6000', '0.7143', '0.9318']
valid_f1_score_each_class = ['0.5854', '0.8462', '0.9213', '0.8283', '0.7000', '0.8800', '0.5000', '0.8478', '0.5455', '0.7059', '0.8108', '0.9425']
epoch 15 valid end : avg_val_loss = 0.0210
epoch 15 valid end : avg_accuracy_score = 0.9517
epoch 15 valid end : macro_precision_score = 0.9098
epoch 15 valid end : macro_recall_score = 0.6775
epoch 15 valid end : macro_f1_score = 0.7595
epoch 16 train end : avg_train_loss = 0.0039
epoch 16 train end : avg_accuracy_score = 0.9922
epoch 16 train end : macro_precision_score = 0.9838
epoch 16 train end : macro_recall_score = 0.9618
epoch 16 train end : macro_f1_score = 0.9726
valid_accuracy_score_each_class = ['0.8989', '0.9202', '0.9574', '0.9043', '0.9574', '0.9840', '0.9894', '0.9521', '0.9468', '0.9681', '0.9787', '0.9628']
valid_precision_score_each_class = ['0.5588', '0.8276', '0.9545', '0.8077', '0.8333', '1.0000', '1.0000', '0.9362', '1.0000', '0.8333', '1.0000', '0.9302']
valid_recall_score_each_class = ['0.8261', '0.9057', '0.8750', '0.8400', '0.4167', '0.7857', '0.3333', '0.8800', '0.3750', '0.5000', '0.8095', '0.9091']
valid_f1_score_each_class = ['0.6667', '0.8649', '0.9130', '0.8235', '0.5556', '0.8800', '0.5000', '0.9072', '0.5455', '0.6250', '0.8947', '0.9195']
epoch 16 valid end : avg_val_loss = 0.0215
epoch 16 valid end : avg_accuracy_score = 0.9517
epoch 16 valid end : macro_precision_score = 0.8901
epoch 16 valid end : macro_recall_score = 0.7047
epoch 16 valid end : macro_f1_score = 0.7580
epoch 17 train end : avg_train_loss = 0.0037
epoch 17 train end : avg_accuracy_score = 0.9939
epoch 17 train end : macro_precision_score = 0.9810
epoch 17 train end : macro_recall_score = 0.9772
epoch 17 train end : macro_f1_score = 0.9790
valid_accuracy_score_each_class = ['0.9149', '0.9043', '0.9681', '0.9043', '0.9574', '0.9840', '0.9894', '0.9468', '0.9362', '0.9734', '0.9681', '0.9681']
valid_precision_score_each_class = ['0.6667', '0.7966', '0.9773', '0.7963', '0.8333', '1.0000', '1.0000', '0.9167', '1.0000', '1.0000', '0.9412', '0.9750']
valid_recall_score_each_class = ['0.6087', '0.8868', '0.8958', '0.8600', '0.4167', '0.7857', '0.3333', '0.8800', '0.2500', '0.5000', '0.7619', '0.8864']
valid_f1_score_each_class = ['0.6364', '0.8393', '0.9348', '0.8269', '0.5556', '0.8800', '0.5000', '0.8980', '0.4000', '0.6667', '0.8421', '0.9286']
epoch 17 valid end : avg_val_loss = 0.0231
epoch 17 valid end : avg_accuracy_score = 0.9512
epoch 17 valid end : macro_precision_score = 0.9086
epoch 17 valid end : macro_recall_score = 0.6721
epoch 17 valid end : macro_f1_score = 0.7424
epoch 18 train end : avg_train_loss = 0.0039
epoch 18 train end : avg_accuracy_score = 0.9922
epoch 18 train end : macro_precision_score = 0.9819
epoch 18 train end : macro_recall_score = 0.9593
epoch 18 train end : macro_f1_score = 0.9694
valid_accuracy_score_each_class = ['0.8989', '0.9096', '0.9734', '0.9096', '0.9681', '0.9840', '0.9840', '0.9468', '0.9574', '0.9681', '0.9734', '0.9628']
valid_precision_score_each_class = ['0.6250', '0.8103', '0.9388', '0.8367', '1.0000', '1.0000', '0.5000', '0.9348', '0.8333', '0.8333', '0.9444', '1.0000']
valid_recall_score_each_class = ['0.4348', '0.8868', '0.9583', '0.8200', '0.5000', '0.7857', '0.3333', '0.8600', '0.6250', '0.5000', '0.8095', '0.8409']
valid_f1_score_each_class = ['0.5128', '0.8468', '0.9485', '0.8283', '0.6667', '0.8800', '0.4000', '0.8958', '0.7143', '0.6250', '0.8718', '0.9136']
epoch 18 valid end : avg_val_loss = 0.0233
epoch 18 valid end : avg_accuracy_score = 0.9530
epoch 18 valid end : macro_precision_score = 0.8547
epoch 18 valid end : macro_recall_score = 0.6962
epoch 18 valid end : macro_f1_score = 0.7586
epoch 19 train end : avg_train_loss = 0.0039
epoch 19 train end : avg_accuracy_score = 0.9926
epoch 19 train end : macro_precision_score = 0.9829
epoch 19 train end : macro_recall_score = 0.9710
epoch 19 train end : macro_f1_score = 0.9767
valid_accuracy_score_each_class = ['0.9043', '0.9043', '0.9574', '0.9149', '0.9734', '0.9894', '0.9894', '0.9521', '0.9468', '0.9734', '0.9734', '0.9628']
valid_precision_score_each_class = ['0.6667', '0.7869', '0.9545', '0.8400', '1.0000', '1.0000', '1.0000', '0.9184', '1.0000', '1.0000', '1.0000', '0.9512']
valid_recall_score_each_class = ['0.4348', '0.9057', '0.8750', '0.8400', '0.5833', '0.8571', '0.3333', '0.9000', '0.3750', '0.5000', '0.7619', '0.8864']
valid_f1_score_each_class = ['0.5263', '0.8421', '0.9130', '0.8400', '0.7368', '0.9231', '0.5000', '0.9091', '0.5455', '0.6667', '0.8649', '0.9176']
epoch 19 valid end : avg_val_loss = 0.0232
epoch 19 valid end : avg_accuracy_score = 0.9535
epoch 19 valid end : macro_precision_score = 0.9265
epoch 19 valid end : macro_recall_score = 0.6877
epoch 19 valid end : macro_f1_score = 0.7654
epoch 20 train end : avg_train_loss = 0.0029
epoch 20 train end : avg_accuracy_score = 0.9947
epoch 20 train end : macro_precision_score = 0.9841
epoch 20 train end : macro_recall_score = 0.9766
epoch 20 train end : macro_f1_score = 0.9799
valid_accuracy_score_each_class = ['0.9149', '0.9149', '0.9734', '0.9043', '0.9787', '0.9840', '0.9894', '0.9362', '0.9521', '0.9787', '0.9787', '0.9681']
valid_precision_score_each_class = ['0.6207', '0.8491', '0.9574', '0.8200', '1.0000', '1.0000', '1.0000', '0.9318', '1.0000', '0.8000', '1.0000', '0.9750']
valid_recall_score_each_class = ['0.7826', '0.8491', '0.9375', '0.8200', '0.6667', '0.7857', '0.3333', '0.8200', '0.4375', '0.8000', '0.8095', '0.8864']
valid_f1_score_each_class = ['0.6923', '0.8491', '0.9474', '0.8200', '0.8000', '0.8800', '0.5000', '0.8723', '0.6087', '0.8000', '0.8947', '0.9286']
epoch 20 valid end : avg_val_loss = 0.0216
epoch 20 valid end : avg_accuracy_score = 0.9561
epoch 20 valid end : macro_precision_score = 0.9128
epoch 20 valid end : macro_recall_score = 0.7440
epoch 20 valid end : macro_f1_score = 0.7994
Model saved at epoch: 20
Write to checkpoint
epoch 21 train end : avg_train_loss = 0.0029
epoch 21 train end : avg_accuracy_score = 0.9936
epoch 21 train end : macro_precision_score = 0.9844
epoch 21 train end : macro_recall_score = 0.9746
epoch 21 train end : macro_f1_score = 0.9794
valid_accuracy_score_each_class = ['0.9255', '0.9043', '0.9521', '0.9202', '0.9787', '0.9840', '0.9894', '0.9255', '0.9415', '0.9734', '0.9734', '0.9840']
valid_precision_score_each_class = ['0.6552', '0.7778', '0.9149', '0.8182', '0.9000', '1.0000', '1.0000', '0.9091', '0.8571', '1.0000', '1.0000', '0.9767']
valid_recall_score_each_class = ['0.8261', '0.9245', '0.8958', '0.9000', '0.7500', '0.7857', '0.3333', '0.8000', '0.3750', '0.5000', '0.7619', '0.9545']
valid_f1_score_each_class = ['0.7308', '0.8448', '0.9053', '0.8571', '0.8182', '0.8800', '0.5000', '0.8511', '0.5217', '0.6667', '0.8649', '0.9655']
epoch 21 valid end : avg_val_loss = 0.0223
epoch 21 valid end : avg_accuracy_score = 0.9543
epoch 21 valid end : macro_precision_score = 0.9008
epoch 21 valid end : macro_recall_score = 0.7339
epoch 21 valid end : macro_f1_score = 0.7838
epoch 22 train end : avg_train_loss = 0.0028
epoch 22 train end : avg_accuracy_score = 0.9945
epoch 22 train end : macro_precision_score = 0.9821
epoch 22 train end : macro_recall_score = 0.9845
epoch 22 train end : macro_f1_score = 0.9832
valid_accuracy_score_each_class = ['0.9043', '0.9043', '0.9574', '0.9043', '0.9628', '0.9894', '0.9894', '0.9415', '0.9574', '0.9628', '0.9734', '0.9681']
valid_precision_score_each_class = ['0.6087', '0.7692', '0.8704', '0.8200', '1.0000', '1.0000', '1.0000', '0.9535', '1.0000', '0.7143', '1.0000', '0.9750']
valid_recall_score_each_class = ['0.6087', '0.9434', '0.9792', '0.8200', '0.4167', '0.8571', '0.3333', '0.8200', '0.5000', '0.5000', '0.7619', '0.8864']
valid_f1_score_each_class = ['0.6087', '0.8475', '0.9216', '0.8200', '0.5882', '0.9231', '0.5000', '0.8817', '0.6667', '0.5882', '0.8649', '0.9286']
epoch 22 valid end : avg_val_loss = 0.0237
epoch 22 valid end : avg_accuracy_score = 0.9512
epoch 22 valid end : macro_precision_score = 0.8926
epoch 22 valid end : macro_recall_score = 0.7022
epoch 22 valid end : macro_f1_score = 0.7616
epoch 23 train end : avg_train_loss = 0.0023
epoch 23 train end : avg_accuracy_score = 0.9950
epoch 23 train end : macro_precision_score = 0.9905
epoch 23 train end : macro_recall_score = 0.9824
epoch 23 train end : macro_f1_score = 0.9863
valid_accuracy_score_each_class = ['0.9149', '0.9202', '0.9574', '0.9096', '0.9681', '0.9894', '0.9894', '0.9415', '0.9415', '0.9628', '0.9734', '0.9787']
valid_precision_score_each_class = ['0.6061', '0.8167', '0.9545', '0.8000', '1.0000', '1.0000', '1.0000', '0.8980', '1.0000', '0.7143', '1.0000', '0.9545']
valid_recall_score_each_class = ['0.8696', '0.9245', '0.8750', '0.8800', '0.5000', '0.8571', '0.3333', '0.8800', '0.3125', '0.5000', '0.7619', '0.9545']
valid_f1_score_each_class = ['0.7143', '0.8673', '0.9130', '0.8381', '0.6667', '0.9231', '0.5000', '0.8889', '0.4762', '0.5882', '0.8649', '0.9545']
epoch 23 valid end : avg_val_loss = 0.0248
epoch 23 valid end : avg_accuracy_score = 0.9539
epoch 23 valid end : macro_precision_score = 0.8953
epoch 23 valid end : macro_recall_score = 0.7207
epoch 23 valid end : macro_f1_score = 0.7663
epoch 24 train end : avg_train_loss = 0.0022
epoch 24 train end : avg_accuracy_score = 0.9956
epoch 24 train end : macro_precision_score = 0.9914
epoch 24 train end : macro_recall_score = 0.9828
epoch 24 train end : macro_f1_score = 0.9870
valid_accuracy_score_each_class = ['0.9202', '0.8989', '0.9628', '0.8989', '0.9787', '0.9894', '0.9894', '0.9149', '0.9468', '0.9681', '0.9734', '0.9681']
valid_precision_score_each_class = ['0.7000', '0.7931', '0.8868', '0.8039', '0.9000', '1.0000', '1.0000', '0.9250', '0.8750', '0.7500', '1.0000', '0.9524']
valid_recall_score_each_class = ['0.6087', '0.8679', '0.9792', '0.8200', '0.7500', '0.8571', '0.3333', '0.7400', '0.4375', '0.6000', '0.7619', '0.9091']
valid_f1_score_each_class = ['0.6512', '0.8288', '0.9307', '0.8119', '0.8182', '0.9231', '0.5000', '0.8222', '0.5833', '0.6667', '0.8649', '0.9302']
epoch 24 valid end : avg_val_loss = 0.0247
epoch 24 valid end : avg_accuracy_score = 0.9508
epoch 24 valid end : macro_precision_score = 0.8822
epoch 24 valid end : macro_recall_score = 0.7221
epoch 24 valid end : macro_f1_score = 0.7776
epoch 25 train end : avg_train_loss = 0.0026
epoch 25 train end : avg_accuracy_score = 0.9950
epoch 25 train end : macro_precision_score = 0.9829
epoch 25 train end : macro_recall_score = 0.9878
epoch 25 train end : macro_f1_score = 0.9853
valid_accuracy_score_each_class = ['0.9149', '0.9096', '0.9787', '0.9096', '0.9628', '0.9894', '0.9894', '0.9415', '0.9521', '0.9734', '0.9734', '0.9734']
valid_precision_score_each_class = ['0.6842', '0.8000', '1.0000', '0.8113', '1.0000', '1.0000', '1.0000', '0.8980', '1.0000', '1.0000', '1.0000', '0.9756']
valid_recall_score_each_class = ['0.5652', '0.9057', '0.9167', '0.8600', '0.4167', '0.8571', '0.3333', '0.8800', '0.4375', '0.5000', '0.7619', '0.9091']
valid_f1_score_each_class = ['0.6190', '0.8496', '0.9565', '0.8350', '0.5882', '0.9231', '0.5000', '0.8889', '0.6087', '0.6667', '0.8649', '0.9412']
epoch 25 valid end : avg_val_loss = 0.0246
epoch 25 valid end : avg_accuracy_score = 0.9557
epoch 25 valid end : macro_precision_score = 0.9308
epoch 25 valid end : macro_recall_score = 0.6953
epoch 25 valid end : macro_f1_score = 0.7701
epoch 26 train end : avg_train_loss = 0.0025
epoch 26 train end : avg_accuracy_score = 0.9944
epoch 26 train end : macro_precision_score = 0.9901
epoch 26 train end : macro_recall_score = 0.9783
epoch 26 train end : macro_f1_score = 0.9840
valid_accuracy_score_each_class = ['0.9043', '0.9149', '0.9628', '0.8989', '0.9734', '0.9840', '0.9894', '0.9149', '0.9468', '0.9734', '0.9787', '0.9734']
valid_precision_score_each_class = ['0.6087', '0.8246', '0.9556', '0.8163', '0.8889', '1.0000', '1.0000', '0.9250', '1.0000', '1.0000', '0.9474', '0.9756']
valid_recall_score_each_class = ['0.6087', '0.8868', '0.8958', '0.8000', '0.6667', '0.7857', '0.3333', '0.7400', '0.3750', '0.5000', '0.8571', '0.9091']
valid_f1_score_each_class = ['0.6087', '0.8545', '0.9247', '0.8081', '0.7619', '0.8800', '0.5000', '0.8222', '0.5455', '0.6667', '0.9000', '0.9412']
epoch 26 valid end : avg_val_loss = 0.0267
epoch 26 valid end : avg_accuracy_score = 0.9512
epoch 26 valid end : macro_precision_score = 0.9118
epoch 26 valid end : macro_recall_score = 0.6965
epoch 26 valid end : macro_f1_score = 0.7678
epoch 27 train end : avg_train_loss = 0.0022
epoch 27 train end : avg_accuracy_score = 0.9960
epoch 27 train end : macro_precision_score = 0.9902
epoch 27 train end : macro_recall_score = 0.9877
epoch 27 train end : macro_f1_score = 0.9889
valid_accuracy_score_each_class = ['0.9096', '0.9096', '0.9574', '0.8883', '0.9734', '0.9840', '0.9894', '0.9415', '0.9415', '0.9787', '0.9681', '0.9734']
valid_precision_score_each_class = ['0.6500', '0.8000', '0.8846', '0.7843', '1.0000', '1.0000', '1.0000', '0.9149', '0.8571', '1.0000', '0.9412', '0.9756']
valid_recall_score_each_class = ['0.5652', '0.9057', '0.9583', '0.8000', '0.5833', '0.7857', '0.3333', '0.8600', '0.3750', '0.6000', '0.7619', '0.9091']
valid_f1_score_each_class = ['0.6047', '0.8496', '0.9200', '0.7921', '0.7368', '0.8800', '0.5000', '0.8866', '0.5217', '0.7500', '0.8421', '0.9412']
epoch 27 valid end : avg_val_loss = 0.0257
epoch 27 valid end : avg_accuracy_score = 0.9512
epoch 27 valid end : macro_precision_score = 0.9006
epoch 27 valid end : macro_recall_score = 0.7031
epoch 27 valid end : macro_f1_score = 0.7687
epoch 28 train end : avg_train_loss = 0.0019
epoch 28 train end : avg_accuracy_score = 0.9957
epoch 28 train end : macro_precision_score = 0.9905
epoch 28 train end : macro_recall_score = 0.9884
epoch 28 train end : macro_f1_score = 0.9894
valid_accuracy_score_each_class = ['0.9255', '0.9043', '0.9628', '0.9149', '0.9734', '0.9840', '0.9894', '0.9255', '0.9468', '0.9734', '0.9681', '0.9734']
valid_precision_score_each_class = ['0.6957', '0.7778', '0.8868', '0.7931', '1.0000', '1.0000', '1.0000', '0.9500', '0.8750', '0.8571', '0.9412', '0.9756']
valid_recall_score_each_class = ['0.6957', '0.9245', '0.9792', '0.9200', '0.5833', '0.7857', '0.3333', '0.7600', '0.4375', '0.6000', '0.7619', '0.9091']
valid_f1_score_each_class = ['0.6957', '0.8448', '0.9307', '0.8519', '0.7368', '0.8800', '0.5000', '0.8444', '0.5833', '0.7059', '0.8421', '0.9412']
epoch 28 valid end : avg_val_loss = 0.0280
epoch 28 valid end : avg_accuracy_score = 0.9535
epoch 28 valid end : macro_precision_score = 0.8960
epoch 28 valid end : macro_recall_score = 0.7242
epoch 28 valid end : macro_f1_score = 0.7797
epoch 29 train end : avg_train_loss = 0.0019
epoch 29 train end : avg_accuracy_score = 0.9953
epoch 29 train end : macro_precision_score = 0.9880
epoch 29 train end : macro_recall_score = 0.9879
epoch 29 train end : macro_f1_score = 0.9879
valid_accuracy_score_each_class = ['0.9043', '0.8883', '0.9628', '0.8883', '0.9734', '0.9894', '0.9894', '0.9309', '0.9362', '0.9787', '0.9787', '0.9734']
valid_precision_score_each_class = ['0.6087', '0.7857', '1.0000', '0.8372', '1.0000', '1.0000', '1.0000', '0.8627', '0.8333', '1.0000', '1.0000', '0.9756']
valid_recall_score_each_class = ['0.6087', '0.8302', '0.8542', '0.7200', '0.5833', '0.8571', '0.3333', '0.8800', '0.3125', '0.6000', '0.8095', '0.9091']
valid_f1_score_each_class = ['0.6087', '0.8073', '0.9213', '0.7742', '0.7368', '0.9231', '0.5000', '0.8713', '0.4545', '0.7500', '0.8947', '0.9412']
epoch 29 valid end : avg_val_loss = 0.0286
epoch 29 valid end : avg_accuracy_score = 0.9495
epoch 29 valid end : macro_precision_score = 0.9086
epoch 29 valid end : macro_recall_score = 0.6915
epoch 29 valid end : macro_f1_score = 0.7653
epoch 30 train end : avg_train_loss = 0.0018
epoch 30 train end : avg_accuracy_score = 0.9967
epoch 30 train end : macro_precision_score = 0.9925
epoch 30 train end : macro_recall_score = 0.9908
epoch 30 train end : macro_f1_score = 0.9916
valid_accuracy_score_each_class = ['0.9043', '0.9149', '0.9521', '0.8989', '0.9734', '0.9894', '0.9894', '0.9309', '0.9468', '0.9734', '0.9734', '0.9734']
valid_precision_score_each_class = ['0.6471', '0.8033', '0.8545', '0.7818', '1.0000', '1.0000', '1.0000', '0.9302', '0.8750', '1.0000', '1.0000', '0.9756']
valid_recall_score_each_class = ['0.4783', '0.9245', '0.9792', '0.8600', '0.5833', '0.8571', '0.3333', '0.8000', '0.4375', '0.5000', '0.7619', '0.9091']
valid_f1_score_each_class = ['0.5500', '0.8596', '0.9126', '0.8190', '0.7368', '0.9231', '0.5000', '0.8602', '0.5833', '0.6667', '0.8649', '0.9412']
epoch 30 valid end : avg_val_loss = 0.0305
epoch 30 valid end : avg_accuracy_score = 0.9517
epoch 30 valid end : macro_precision_score = 0.9056
epoch 30 valid end : macro_recall_score = 0.7020
epoch 30 valid end : macro_f1_score = 0.7681
epoch 31 train end : avg_train_loss = 0.0018
epoch 31 train end : avg_accuracy_score = 0.9956
epoch 31 train end : macro_precision_score = 0.9886
epoch 31 train end : macro_recall_score = 0.9865
epoch 31 train end : macro_f1_score = 0.9874
valid_accuracy_score_each_class = ['0.9202', '0.8989', '0.9574', '0.8936', '0.9787', '0.9894', '0.9894', '0.9309', '0.9362', '0.9787', '0.9787', '0.9734']
valid_precision_score_each_class = ['0.6333', '0.8148', '0.9167', '0.7885', '0.9000', '1.0000', '1.0000', '0.9111', '0.8333', '0.8000', '0.9474', '0.9756']
valid_recall_score_each_class = ['0.8261', '0.8302', '0.9167', '0.8200', '0.7500', '0.8571', '0.3333', '0.8200', '0.3125', '0.8000', '0.8571', '0.9091']
valid_f1_score_each_class = ['0.7170', '0.8224', '0.9167', '0.8039', '0.8182', '0.9231', '0.5000', '0.8632', '0.4545', '0.8000', '0.9000', '0.9412']
epoch 31 valid end : avg_val_loss = 0.0251
epoch 31 valid end : avg_accuracy_score = 0.9521
epoch 31 valid end : macro_precision_score = 0.8767
epoch 31 valid end : macro_recall_score = 0.7527
epoch 31 valid end : macro_f1_score = 0.7883
epoch 32 train end : avg_train_loss = 0.0017
epoch 32 train end : avg_accuracy_score = 0.9966
epoch 32 train end : macro_precision_score = 0.9909
epoch 32 train end : macro_recall_score = 0.9880
epoch 32 train end : macro_f1_score = 0.9894
valid_accuracy_score_each_class = ['0.8989', '0.9043', '0.9734', '0.8936', '0.9787', '0.9894', '0.9894', '0.9309', '0.9309', '0.9734', '0.9840', '0.9734']
valid_precision_score_each_class = ['0.5833', '0.7778', '0.9388', '0.7885', '1.0000', '1.0000', '1.0000', '0.9302', '0.8000', '1.0000', '1.0000', '0.9756']
valid_recall_score_each_class = ['0.6087', '0.9245', '0.9583', '0.8200', '0.6667', '0.8571', '0.3333', '0.8000', '0.2500', '0.5000', '0.8571', '0.9091']
valid_f1_score_each_class = ['0.5957', '0.8448', '0.9485', '0.8039', '0.8000', '0.9231', '0.5000', '0.8602', '0.3810', '0.6667', '0.9231', '0.9412']
epoch 32 valid end : avg_val_loss = 0.0306
epoch 32 valid end : avg_accuracy_score = 0.9517
epoch 32 valid end : macro_precision_score = 0.8995
epoch 32 valid end : macro_recall_score = 0.7071
epoch 32 valid end : macro_f1_score = 0.7657
epoch 33 train end : avg_train_loss = 0.0016
epoch 33 train end : avg_accuracy_score = 0.9962
epoch 33 train end : macro_precision_score = 0.9934
epoch 33 train end : macro_recall_score = 0.9869
epoch 33 train end : macro_f1_score = 0.9900
valid_accuracy_score_each_class = ['0.9096', '0.8989', '0.9681', '0.8936', '0.9734', '0.9894', '0.9894', '0.9202', '0.9521', '0.9734', '0.9681', '0.9734']
valid_precision_score_each_class = ['0.6250', '0.7931', '0.9375', '0.7778', '1.0000', '1.0000', '1.0000', '0.8182', '0.7333', '0.7778', '1.0000', '0.9756']
valid_recall_score_each_class = ['0.6522', '0.8679', '0.9375', '0.8400', '0.5833', '0.8571', '0.3333', '0.9000', '0.6875', '0.7000', '0.7143', '0.9091']
valid_f1_score_each_class = ['0.6383', '0.8288', '0.9375', '0.8077', '0.7368', '0.9231', '0.5000', '0.8571', '0.7097', '0.7368', '0.8333', '0.9412']
epoch 33 valid end : avg_val_loss = 0.0279
epoch 33 valid end : avg_accuracy_score = 0.9508
epoch 33 valid end : macro_precision_score = 0.8699
epoch 33 valid end : macro_recall_score = 0.7485
epoch 33 valid end : macro_f1_score = 0.7875
epoch 34 train end : avg_train_loss = 0.0017
epoch 34 train end : avg_accuracy_score = 0.9966
epoch 34 train end : macro_precision_score = 0.9896
epoch 34 train end : macro_recall_score = 0.9901
epoch 34 train end : macro_f1_score = 0.9898
valid_accuracy_score_each_class = ['0.9362', '0.9096', '0.9681', '0.9096', '0.9681', '0.9947', '0.9894', '0.9255', '0.9415', '0.9734', '0.9734', '0.9734']
valid_precision_score_each_class = ['0.7037', '0.7812', '0.9200', '0.7895', '1.0000', '1.0000', '1.0000', '0.9091', '1.0000', '1.0000', '0.9444', '0.9756']
valid_recall_score_each_class = ['0.8261', '0.9434', '0.9583', '0.9000', '0.5000', '0.9286', '0.3333', '0.8000', '0.3125', '0.5000', '0.8095', '0.9091']
valid_f1_score_each_class = ['0.7600', '0.8547', '0.9388', '0.8411', '0.6667', '0.9630', '0.5000', '0.8511', '0.4762', '0.6667', '0.8718', '0.9412']
epoch 34 valid end : avg_val_loss = 0.0285
epoch 34 valid end : avg_accuracy_score = 0.9552
epoch 34 valid end : macro_precision_score = 0.9186
epoch 34 valid end : macro_recall_score = 0.7267
epoch 34 valid end : macro_f1_score = 0.7776
epoch 35 train end : avg_train_loss = 0.0016
epoch 35 train end : avg_accuracy_score = 0.9965
epoch 35 train end : macro_precision_score = 0.9915
epoch 35 train end : macro_recall_score = 0.9876
epoch 35 train end : macro_f1_score = 0.9895
valid_accuracy_score_each_class = ['0.9202', '0.8989', '0.9787', '0.8830', '0.9787', '0.9894', '0.9894', '0.9255', '0.9415', '0.9734', '0.9787', '0.9734']
valid_precision_score_each_class = ['0.6429', '0.7931', '0.9783', '0.7692', '0.9000', '1.0000', '1.0000', '0.9091', '1.0000', '0.7778', '0.9474', '0.9756']
valid_recall_score_each_class = ['0.7826', '0.8679', '0.9375', '0.8000', '0.7500', '0.8571', '0.3333', '0.8000', '0.3125', '0.7000', '0.8571', '0.9091']
valid_f1_score_each_class = ['0.7059', '0.8288', '0.9574', '0.7843', '0.8182', '0.9231', '0.5000', '0.8511', '0.4762', '0.7368', '0.9000', '0.9412']
epoch 35 valid end : avg_val_loss = 0.0279
epoch 35 valid end : avg_accuracy_score = 0.9526
epoch 35 valid end : macro_precision_score = 0.8911
epoch 35 valid end : macro_recall_score = 0.7423
epoch 35 valid end : macro_f1_score = 0.7853
epoch 36 train end : avg_train_loss = 0.0017
epoch 36 train end : avg_accuracy_score = 0.9962
epoch 36 train end : macro_precision_score = 0.9889
epoch 36 train end : macro_recall_score = 0.9896
epoch 36 train end : macro_f1_score = 0.9892
valid_accuracy_score_each_class = ['0.8989', '0.9043', '0.9628', '0.8883', '0.9681', '0.9894', '0.9894', '0.9468', '0.9362', '0.9734', '0.9787', '0.9734']
valid_precision_score_each_class = ['0.5909', '0.7966', '1.0000', '0.7843', '1.0000', '1.0000', '1.0000', '0.9000', '0.8333', '1.0000', '1.0000', '0.9756']
valid_recall_score_each_class = ['0.5652', '0.8868', '0.8542', '0.8000', '0.5000', '0.8571', '0.3333', '0.9000', '0.3125', '0.5000', '0.8095', '0.9091']
valid_f1_score_each_class = ['0.5778', '0.8393', '0.9213', '0.7921', '0.6667', '0.9231', '0.5000', '0.9000', '0.4545', '0.6667', '0.8947', '0.9412']
epoch 36 valid end : avg_val_loss = 0.0302
epoch 36 valid end : avg_accuracy_score = 0.9508
epoch 36 valid end : macro_precision_score = 0.9067
epoch 36 valid end : macro_recall_score = 0.6856
epoch 36 valid end : macro_f1_score = 0.7564
epoch 37 train end : avg_train_loss = 0.0017
epoch 37 train end : avg_accuracy_score = 0.9970
epoch 37 train end : macro_precision_score = 0.9932
epoch 37 train end : macro_recall_score = 0.9904
epoch 37 train end : macro_f1_score = 0.9917
valid_accuracy_score_each_class = ['0.9149', '0.9043', '0.9628', '0.8989', '0.9787', '0.9947', '0.9947', '0.8830', '0.9362', '0.9734', '0.9787', '0.9734']
valid_precision_score_each_class = ['0.6207', '0.8070', '0.8868', '0.8163', '0.9000', '1.0000', '1.0000', '0.9118', '0.7500', '1.0000', '1.0000', '0.9756']
valid_recall_score_each_class = ['0.7826', '0.8679', '0.9792', '0.8000', '0.7500', '0.9286', '0.6667', '0.6200', '0.3750', '0.5000', '0.8095', '0.9091']
valid_f1_score_each_class = ['0.6923', '0.8364', '0.9307', '0.8081', '0.8182', '0.9630', '0.8000', '0.7381', '0.5000', '0.6667', '0.8947', '0.9412']
epoch 37 valid end : avg_val_loss = 0.0290
epoch 37 valid end : avg_accuracy_score = 0.9495
epoch 37 valid end : macro_precision_score = 0.8890
epoch 37 valid end : macro_recall_score = 0.7490
epoch 37 valid end : macro_f1_score = 0.7991
epoch 38 train end : avg_train_loss = 0.0018
epoch 38 train end : avg_accuracy_score = 0.9959
epoch 38 train end : macro_precision_score = 0.9912
epoch 38 train end : macro_recall_score = 0.9836
epoch 38 train end : macro_f1_score = 0.9870
valid_accuracy_score_each_class = ['0.9096', '0.9043', '0.9787', '0.8989', '0.9734', '0.9894', '0.9894', '0.9309', '0.9362', '0.9734', '0.9840', '0.9734']
valid_precision_score_each_class = ['0.6500', '0.8182', '1.0000', '0.8039', '1.0000', '1.0000', '1.0000', '0.9111', '1.0000', '0.7778', '1.0000', '0.9756']
valid_recall_score_each_class = ['0.5652', '0.8491', '0.9167', '0.8200', '0.5833', '0.8571', '0.3333', '0.8200', '0.2500', '0.7000', '0.8571', '0.9091']
valid_f1_score_each_class = ['0.6047', '0.8333', '0.9565', '0.8119', '0.7368', '0.9231', '0.5000', '0.8632', '0.4000', '0.7368', '0.9231', '0.9412']
epoch 38 valid end : avg_val_loss = 0.0288
epoch 38 valid end : avg_accuracy_score = 0.9535
epoch 38 valid end : macro_precision_score = 0.9114
epoch 38 valid end : macro_recall_score = 0.7051
epoch 38 valid end : macro_f1_score = 0.7692
epoch 39 train end : avg_train_loss = 0.0019
epoch 39 train end : avg_accuracy_score = 0.9953
epoch 39 train end : macro_precision_score = 0.9887
epoch 39 train end : macro_recall_score = 0.9876
epoch 39 train end : macro_f1_score = 0.9881
valid_accuracy_score_each_class = ['0.9149', '0.9149', '0.9734', '0.9043', '0.9681', '0.9947', '0.9947', '0.9415', '0.9521', '0.9734', '0.9787', '0.9734']
valid_precision_score_each_class = ['0.6207', '0.8033', '0.9778', '0.7759', '0.8750', '1.0000', '1.0000', '0.9333', '0.7333', '0.7778', '0.9474', '0.9756']
valid_recall_score_each_class = ['0.7826', '0.9245', '0.9167', '0.9000', '0.5833', '0.9286', '0.6667', '0.8400', '0.6875', '0.7000', '0.8571', '0.9091']
valid_f1_score_each_class = ['0.6923', '0.8596', '0.9462', '0.8333', '0.7000', '0.9630', '0.8000', '0.8842', '0.7097', '0.7368', '0.9000', '0.9412']
epoch 39 valid end : avg_val_loss = 0.0300
epoch 39 valid end : avg_accuracy_score = 0.9570
epoch 39 valid end : macro_precision_score = 0.8683
epoch 39 valid end : macro_recall_score = 0.8080
epoch 39 valid end : macro_f1_score = 0.8305
Model saved at epoch: 39
Write to checkpoint
epoch 40 train end : avg_train_loss = 0.0018
epoch 40 train end : avg_accuracy_score = 0.9944
epoch 40 train end : macro_precision_score = 0.9867
epoch 40 train end : macro_recall_score = 0.9882
epoch 40 train end : macro_f1_score = 0.9874
valid_accuracy_score_each_class = ['0.9096', '0.8989', '0.9309', '0.8883', '0.9681', '0.9894', '0.9894', '0.9362', '0.9362', '0.9734', '0.9787', '0.9734']
valid_precision_score_each_class = ['0.6364', '0.7931', '0.7966', '0.7636', '1.0000', '1.0000', '1.0000', '0.8800', '1.0000', '0.8571', '1.0000', '0.9756']
valid_recall_score_each_class = ['0.6087', '0.8679', '0.9792', '0.8400', '0.5000', '0.8571', '0.3333', '0.8800', '0.2500', '0.6000', '0.8095', '0.9091']
valid_f1_score_each_class = ['0.6222', '0.8288', '0.8785', '0.8000', '0.6667', '0.9231', '0.5000', '0.8800', '0.4000', '0.7059', '0.8947', '0.9412']
epoch 40 valid end : avg_val_loss = 0.0344
epoch 40 valid end : avg_accuracy_score = 0.9477
epoch 40 valid end : macro_precision_score = 0.8919
epoch 40 valid end : macro_recall_score = 0.7029
epoch 40 valid end : macro_f1_score = 0.7534
epoch 41 train end : avg_train_loss = 0.0022
epoch 41 train end : avg_accuracy_score = 0.9951
epoch 41 train end : macro_precision_score = 0.9858
epoch 41 train end : macro_recall_score = 0.9813
epoch 41 train end : macro_f1_score = 0.9833
valid_accuracy_score_each_class = ['0.9149', '0.9096', '0.9574', '0.8883', '0.9734', '1.0000', '0.9894', '0.9415', '0.9574', '0.9628', '0.9734', '0.9734']
valid_precision_score_each_class = ['0.6129', '0.7903', '0.9348', '0.7544', '1.0000', '1.0000', '1.0000', '0.9149', '1.0000', '0.7143', '1.0000', '0.9756']
valid_recall_score_each_class = ['0.8261', '0.9245', '0.8958', '0.8600', '0.5833', '1.0000', '0.3333', '0.8600', '0.5000', '0.5000', '0.7619', '0.9091']
valid_f1_score_each_class = ['0.7037', '0.8522', '0.9149', '0.8037', '0.7368', '1.0000', '0.5000', '0.8866', '0.6667', '0.5882', '0.8649', '0.9412']
epoch 41 valid end : avg_val_loss = 0.0305
epoch 41 valid end : avg_accuracy_score = 0.9535
epoch 41 valid end : macro_precision_score = 0.8914
epoch 41 valid end : macro_recall_score = 0.7462
epoch 41 valid end : macro_f1_score = 0.7882
Early stopping at epoch: 41
Best epoch:  11
Best f1 epoch:  39
Training and Validation Stage Done...
