model:BERT
train_file_path_task:./data/Task1.train.12t.csv
test_file_path_task:./data/Task1.test.12t.csv
save_path:./saved_models/
random_seed:719
bert_model:albert
max_seq_length:512
hidden_size:768
hidden_dropout_prob:0.2
loss:BCELoss
focal_loss_reduction:mean
focal_loss_alpha:0.5
focal_loss_gamma:2
num_epochs:300
batch_size:16
gradient_accumulation_steps:4
learning_rate:0.0001
betas:(0.9, 0.99)
weight_decay:5e-05
num_of_class:12
threshold:0.5
early_stop_criterion:loss
early_stop_patience:30
use_cuda:True
gpu:2
device:cuda
Training Set Size 564, Validation Set Size 188
epoch  1 train end : avg_train_loss = 0.4816
epoch  1 train end : avg_accuracy_score = 0.7912
epoch  1 train end : macro_precision_score = 0.1957
epoch  1 train end : macro_recall_score = 0.0969
epoch  1 train end : macro_f1_score = 0.1011
valid_accuracy_score_each_class = ['0.8777', '0.7181', '0.7447', '0.7340', '0.9362', '0.9255', '0.9840', '0.7340', '0.9149', '0.9468', '0.8883', '0.7660']
valid_precision_score_each_class = ['1.0000', '1.0000', '1.0000', '1.0000', '1.0000', '1.0000', '1.0000', '1.0000', '1.0000', '1.0000', '1.0000', '1.0000']
valid_recall_score_each_class = ['0.0000', '0.0000', '0.0000', '0.0000', '0.0000', '0.0000', '0.0000', '0.0000', '0.0000', '0.0000', '0.0000', '0.0000']
valid_f1_score_each_class = ['0.0000', '0.0000', '0.0000', '0.0000', '0.0000', '0.0000', '0.0000', '0.0000', '0.0000', '0.0000', '0.0000', '0.0000']
epoch  1 valid end : avg_val_loss = 0.3698
epoch  1 valid end : avg_accuracy_score = 0.8475
epoch  1 valid end : macro_precision_score = 1.0000
epoch  1 valid end : macro_recall_score = 0.0000
epoch  1 valid end : macro_f1_score = 0.0000
Model saved at epoch: 1
Write to checkpoint
epoch  2 train end : avg_train_loss = 0.3411
epoch  2 train end : avg_accuracy_score = 0.8664
epoch  2 train end : macro_precision_score = 0.6430
epoch  2 train end : macro_recall_score = 0.0984
epoch  2 train end : macro_f1_score = 0.1448
valid_accuracy_score_each_class = ['0.8777', '0.8351', '0.8564', '0.8298', '0.9362', '0.9255', '0.9840', '0.7713', '0.9149', '0.9468', '0.8883', '0.9681']
valid_precision_score_each_class = ['1.0000', '0.6571', '0.6909', '0.6406', '1.0000', '1.0000', '1.0000', '0.7059', '1.0000', '1.0000', '1.0000', '0.9750']
valid_recall_score_each_class = ['0.0000', '0.8679', '0.7917', '0.8200', '0.0000', '0.0000', '0.0000', '0.2400', '0.0000', '0.0000', '0.0000', '0.8864']
valid_f1_score_each_class = ['0.0000', '0.7480', '0.7379', '0.7193', '0.0000', '0.0000', '0.0000', '0.3582', '0.0000', '0.0000', '0.0000', '0.9286']
epoch  2 valid end : avg_val_loss = 0.3024
epoch  2 valid end : avg_accuracy_score = 0.8945
epoch  2 valid end : macro_precision_score = 0.8891
epoch  2 valid end : macro_recall_score = 0.3005
epoch  2 valid end : macro_f1_score = 0.2910
Model saved at epoch: 2
Write to checkpoint
epoch  3 train end : avg_train_loss = 0.2765
epoch  3 train end : avg_accuracy_score = 0.9029
epoch  3 train end : macro_precision_score = 0.9065
epoch  3 train end : macro_recall_score = 0.2730
epoch  3 train end : macro_f1_score = 0.2938
valid_accuracy_score_each_class = ['0.8777', '0.9202', '0.9043', '0.9043', '0.9362', '0.9255', '0.9840', '0.8511', '0.9149', '0.9468', '0.8883', '0.9787']
valid_precision_score_each_class = ['1.0000', '0.8519', '0.7885', '0.8077', '1.0000', '1.0000', '1.0000', '0.9231', '1.0000', '1.0000', '1.0000', '0.9545']
valid_recall_score_each_class = ['0.0000', '0.8679', '0.8542', '0.8400', '0.0000', '0.0000', '0.0000', '0.4800', '0.0000', '0.0000', '0.0000', '0.9545']
valid_f1_score_each_class = ['0.0000', '0.8598', '0.8200', '0.8235', '0.0000', '0.0000', '0.0000', '0.6316', '0.0000', '0.0000', '0.0000', '0.9545']
epoch  3 valid end : avg_val_loss = 0.2580
epoch  3 valid end : avg_accuracy_score = 0.9193
epoch  3 valid end : macro_precision_score = 0.9438
epoch  3 valid end : macro_recall_score = 0.3331
epoch  3 valid end : macro_f1_score = 0.3408
Model saved at epoch: 3
Write to checkpoint
epoch  4 train end : avg_train_loss = 0.2273
epoch  4 train end : avg_accuracy_score = 0.9282
epoch  4 train end : macro_precision_score = 0.9423
epoch  4 train end : macro_recall_score = 0.3632
epoch  4 train end : macro_f1_score = 0.3840
valid_accuracy_score_each_class = ['0.8883', '0.9255', '0.9309', '0.9096', '0.9362', '0.9255', '0.9840', '0.8883', '0.9149', '0.9468', '0.9574', '0.9894']
valid_precision_score_each_class = ['1.0000', '0.8545', '0.8431', '0.8113', '1.0000', '1.0000', '1.0000', '0.9143', '1.0000', '1.0000', '1.0000', '1.0000']
valid_recall_score_each_class = ['0.0870', '0.8868', '0.8958', '0.8600', '0.0000', '0.0000', '0.0000', '0.6400', '0.0000', '0.0000', '0.6190', '0.9545']
valid_f1_score_each_class = ['0.1600', '0.8704', '0.8687', '0.8350', '0.0000', '0.0000', '0.0000', '0.7529', '0.0000', '0.0000', '0.7647', '0.9767']
epoch  4 valid end : avg_val_loss = 0.2157
epoch  4 valid end : avg_accuracy_score = 0.9331
epoch  4 valid end : macro_precision_score = 0.9519
epoch  4 valid end : macro_recall_score = 0.4119
epoch  4 valid end : macro_f1_score = 0.4357
Model saved at epoch: 4
Write to checkpoint
epoch  5 train end : avg_train_loss = 0.1910
epoch  5 train end : avg_accuracy_score = 0.9412
epoch  5 train end : macro_precision_score = 0.9115
epoch  5 train end : macro_recall_score = 0.4706
epoch  5 train end : macro_f1_score = 0.4842
valid_accuracy_score_each_class = ['0.8830', '0.9362', '0.9255', '0.9255', '0.9362', '0.9255', '0.9840', '0.8723', '0.9149', '0.9468', '0.9681', '0.9894']
valid_precision_score_each_class = ['0.6667', '0.8727', '0.8400', '0.8333', '1.0000', '1.0000', '1.0000', '0.9062', '1.0000', '1.0000', '1.0000', '1.0000']
valid_recall_score_each_class = ['0.0870', '0.9057', '0.8750', '0.9000', '0.0000', '0.0000', '0.0000', '0.5800', '0.0000', '0.0000', '0.7143', '0.9545']
valid_f1_score_each_class = ['0.1538', '0.8889', '0.8571', '0.8654', '0.0000', '0.0000', '0.0000', '0.7073', '0.0000', '0.0000', '0.8333', '0.9767']
epoch  5 valid end : avg_val_loss = 0.1946
epoch  5 valid end : avg_accuracy_score = 0.9340
epoch  5 valid end : macro_precision_score = 0.9266
epoch  5 valid end : macro_recall_score = 0.4180
epoch  5 valid end : macro_f1_score = 0.4402
Model saved at epoch: 5
Write to checkpoint
epoch  6 train end : avg_train_loss = 0.1664
epoch  6 train end : avg_accuracy_score = 0.9489
epoch  6 train end : macro_precision_score = 0.9324
epoch  6 train end : macro_recall_score = 0.5163
epoch  6 train end : macro_f1_score = 0.5510
valid_accuracy_score_each_class = ['0.8883', '0.9362', '0.9255', '0.9255', '0.9468', '0.9947', '0.9840', '0.9255', '0.9149', '0.9468', '0.9840', '0.9840']
valid_precision_score_each_class = ['0.6667', '0.8868', '0.8696', '0.8462', '1.0000', '1.0000', '1.0000', '0.9091', '1.0000', '1.0000', '0.9500', '1.0000']
valid_recall_score_each_class = ['0.1739', '0.8868', '0.8333', '0.8800', '0.1667', '0.9286', '0.0000', '0.8000', '0.0000', '0.0000', '0.9048', '0.9318']
valid_f1_score_each_class = ['0.2759', '0.8868', '0.8511', '0.8627', '0.2857', '0.9630', '0.0000', '0.8511', '0.0000', '0.0000', '0.9268', '0.9647']
epoch  6 valid end : avg_val_loss = 0.1733
epoch  6 valid end : avg_accuracy_score = 0.9464
epoch  6 valid end : macro_precision_score = 0.9274
epoch  6 valid end : macro_recall_score = 0.5422
epoch  6 valid end : macro_f1_score = 0.5723
Model saved at epoch: 6
Write to checkpoint
epoch  7 train end : avg_train_loss = 0.1504
epoch  7 train end : avg_accuracy_score = 0.9514
epoch  7 train end : macro_precision_score = 0.9420
epoch  7 train end : macro_recall_score = 0.5358
epoch  7 train end : macro_f1_score = 0.5607
valid_accuracy_score_each_class = ['0.8883', '0.9255', '0.9468', '0.9362', '0.9468', '0.9840', '0.9840', '0.9202', '0.9149', '0.9521', '0.9840', '0.9840']
valid_precision_score_each_class = ['0.7500', '0.8679', '0.9318', '0.8958', '1.0000', '1.0000', '1.0000', '0.9268', '1.0000', '1.0000', '0.9500', '1.0000']
valid_recall_score_each_class = ['0.1304', '0.8679', '0.8542', '0.8600', '0.1667', '0.7857', '0.0000', '0.7600', '0.0000', '0.1000', '0.9048', '0.9318']
valid_f1_score_each_class = ['0.2222', '0.8679', '0.8913', '0.8776', '0.2857', '0.8800', '0.0000', '0.8352', '0.0000', '0.1818', '0.9268', '0.9647']
epoch  7 valid end : avg_val_loss = 0.1652
epoch  7 valid end : avg_accuracy_score = 0.9473
epoch  7 valid end : macro_precision_score = 0.9435
epoch  7 valid end : macro_recall_score = 0.5301
epoch  7 valid end : macro_f1_score = 0.5778
Model saved at epoch: 7
Write to checkpoint
epoch  8 train end : avg_train_loss = 0.1292
epoch  8 train end : avg_accuracy_score = 0.9605
epoch  8 train end : macro_precision_score = 0.9322
epoch  8 train end : macro_recall_score = 0.6510
epoch  8 train end : macro_f1_score = 0.6859
valid_accuracy_score_each_class = ['0.9149', '0.9043', '0.9468', '0.9309', '0.9521', '0.9894', '0.9840', '0.9309', '0.9149', '0.9574', '0.9894', '0.9894']
valid_precision_score_each_class = ['0.6667', '0.7869', '0.8654', '0.8364', '1.0000', '1.0000', '1.0000', '0.9302', '1.0000', '1.0000', '1.0000', '1.0000']
valid_recall_score_each_class = ['0.6087', '0.9057', '0.9375', '0.9200', '0.2500', '0.8571', '0.0000', '0.8000', '0.0000', '0.2000', '0.9048', '0.9545']
valid_f1_score_each_class = ['0.6364', '0.8421', '0.9000', '0.8762', '0.4000', '0.9231', '0.0000', '0.8602', '0.0000', '0.3333', '0.9500', '0.9767']
epoch  8 valid end : avg_val_loss = 0.1539
epoch  8 valid end : avg_accuracy_score = 0.9504
epoch  8 valid end : macro_precision_score = 0.9238
epoch  8 valid end : macro_recall_score = 0.6115
epoch  8 valid end : macro_f1_score = 0.6415
Model saved at epoch: 8
Write to checkpoint
epoch  9 train end : avg_train_loss = 0.1145
epoch  9 train end : avg_accuracy_score = 0.9660
epoch  9 train end : macro_precision_score = 0.9482
epoch  9 train end : macro_recall_score = 0.6824
epoch  9 train end : macro_f1_score = 0.7168
valid_accuracy_score_each_class = ['0.9043', '0.9309', '0.9734', '0.9415', '0.9734', '0.9840', '0.9840', '0.9309', '0.9149', '0.9574', '0.9894', '0.9894']
valid_precision_score_each_class = ['0.7778', '0.8846', '0.9778', '0.8824', '1.0000', '1.0000', '1.0000', '0.9302', '1.0000', '1.0000', '1.0000', '1.0000']
valid_recall_score_each_class = ['0.3043', '0.8679', '0.9167', '0.9000', '0.5833', '0.7857', '0.0000', '0.8000', '0.0000', '0.2000', '0.9048', '0.9545']
valid_f1_score_each_class = ['0.4375', '0.8762', '0.9462', '0.8911', '0.7368', '0.8800', '0.0000', '0.8602', '0.0000', '0.3333', '0.9500', '0.9767']
epoch  9 valid end : avg_val_loss = 0.1443
epoch  9 valid end : avg_accuracy_score = 0.9561
epoch  9 valid end : macro_precision_score = 0.9544
epoch  9 valid end : macro_recall_score = 0.6014
epoch  9 valid end : macro_f1_score = 0.6573
Model saved at epoch: 9
Write to checkpoint
epoch 10 train end : avg_train_loss = 0.1041
epoch 10 train end : avg_accuracy_score = 0.9715
epoch 10 train end : macro_precision_score = 0.9637
epoch 10 train end : macro_recall_score = 0.7294
epoch 10 train end : macro_f1_score = 0.7699
valid_accuracy_score_each_class = ['0.8883', '0.9255', '0.9574', '0.9415', '0.9628', '0.9840', '0.9894', '0.9255', '0.9255', '0.9628', '0.9840', '0.9840']
valid_precision_score_each_class = ['0.6000', '0.8545', '0.9167', '0.8824', '1.0000', '1.0000', '1.0000', '0.9500', '1.0000', '1.0000', '0.9500', '1.0000']
valid_recall_score_each_class = ['0.2609', '0.8868', '0.9167', '0.9000', '0.4167', '0.7857', '0.3333', '0.7600', '0.1250', '0.3000', '0.9048', '0.9318']
valid_f1_score_each_class = ['0.3636', '0.8704', '0.9167', '0.8911', '0.5882', '0.8800', '0.5000', '0.8444', '0.2222', '0.4615', '0.9268', '0.9647']
epoch 10 valid end : avg_val_loss = 0.1404
epoch 10 valid end : avg_accuracy_score = 0.9526
epoch 10 valid end : macro_precision_score = 0.9295
epoch 10 valid end : macro_recall_score = 0.6268
epoch 10 valid end : macro_f1_score = 0.7025
Model saved at epoch: 10
Write to checkpoint
epoch 11 train end : avg_train_loss = 0.0934
epoch 11 train end : avg_accuracy_score = 0.9758
epoch 11 train end : macro_precision_score = 0.9614
epoch 11 train end : macro_recall_score = 0.7856
epoch 11 train end : macro_f1_score = 0.8361
valid_accuracy_score_each_class = ['0.8989', '0.9255', '0.9734', '0.9362', '0.9894', '0.9894', '0.9894', '0.9309', '0.9202', '0.9628', '0.9787', '0.9787']
valid_precision_score_each_class = ['0.7500', '0.8545', '0.9574', '0.8654', '1.0000', '1.0000', '1.0000', '0.9111', '0.6667', '1.0000', '1.0000', '0.9545']
valid_recall_score_each_class = ['0.2609', '0.8868', '0.9375', '0.9000', '0.8333', '0.8571', '0.3333', '0.8200', '0.1250', '0.3000', '0.8095', '0.9545']
valid_f1_score_each_class = ['0.3871', '0.8704', '0.9474', '0.8824', '0.9091', '0.9231', '0.5000', '0.8632', '0.2105', '0.4615', '0.8947', '0.9545']
epoch 11 valid end : avg_val_loss = 0.1368
epoch 11 valid end : avg_accuracy_score = 0.9561
epoch 11 valid end : macro_precision_score = 0.9133
epoch 11 valid end : macro_recall_score = 0.6682
epoch 11 valid end : macro_f1_score = 0.7337
Model saved at epoch: 11
Write to checkpoint
epoch 12 train end : avg_train_loss = 0.0830
epoch 12 train end : avg_accuracy_score = 0.9805
epoch 12 train end : macro_precision_score = 0.9675
epoch 12 train end : macro_recall_score = 0.8359
epoch 12 train end : macro_f1_score = 0.8861
valid_accuracy_score_each_class = ['0.9202', '0.9149', '0.9681', '0.9468', '0.9840', '0.9840', '0.9894', '0.9415', '0.9255', '0.9521', '0.9840', '0.9840']
valid_precision_score_each_class = ['0.7222', '0.8364', '0.9375', '0.9167', '1.0000', '1.0000', '1.0000', '0.9333', '1.0000', '0.6000', '0.9500', '1.0000']
valid_recall_score_each_class = ['0.5652', '0.8679', '0.9375', '0.8800', '0.7500', '0.7857', '0.3333', '0.8400', '0.1250', '0.3000', '0.9048', '0.9318']
valid_f1_score_each_class = ['0.6341', '0.8519', '0.9375', '0.8980', '0.8571', '0.8800', '0.5000', '0.8842', '0.2222', '0.4000', '0.9268', '0.9647']
epoch 12 valid end : avg_val_loss = 0.1302
epoch 12 valid end : avg_accuracy_score = 0.9579
epoch 12 valid end : macro_precision_score = 0.9080
epoch 12 valid end : macro_recall_score = 0.6851
epoch 12 valid end : macro_f1_score = 0.7464
Model saved at epoch: 12
Write to checkpoint
epoch 13 train end : avg_train_loss = 0.0733
epoch 13 train end : avg_accuracy_score = 0.9851
epoch 13 train end : macro_precision_score = 0.9678
epoch 13 train end : macro_recall_score = 0.8841
epoch 13 train end : macro_f1_score = 0.9173
valid_accuracy_score_each_class = ['0.9149', '0.9309', '0.9628', '0.9468', '0.9734', '0.9840', '0.9894', '0.9415', '0.9202', '0.9468', '0.9840', '0.9840']
valid_precision_score_each_class = ['0.7059', '0.8704', '0.9556', '0.9000', '1.0000', '1.0000', '0.6667', '0.9333', '0.6667', '0.5000', '0.9500', '0.9767']
valid_recall_score_each_class = ['0.5217', '0.8868', '0.8958', '0.9000', '0.5833', '0.7857', '0.6667', '0.8400', '0.1250', '0.4000', '0.9048', '0.9545']
valid_f1_score_each_class = ['0.6000', '0.8785', '0.9247', '0.9000', '0.7368', '0.8800', '0.6667', '0.8842', '0.2105', '0.4444', '0.9268', '0.9655']
epoch 13 valid end : avg_val_loss = 0.1328
epoch 13 valid end : avg_accuracy_score = 0.9566
epoch 13 valid end : macro_precision_score = 0.8438
epoch 13 valid end : macro_recall_score = 0.7054
epoch 13 valid end : macro_f1_score = 0.7515
Model saved at epoch: 13
Write to checkpoint
epoch 14 train end : avg_train_loss = 0.0674
epoch 14 train end : avg_accuracy_score = 0.9864
epoch 14 train end : macro_precision_score = 0.9753
epoch 14 train end : macro_recall_score = 0.9140
epoch 14 train end : macro_f1_score = 0.9399
valid_accuracy_score_each_class = ['0.9149', '0.9096', '0.9734', '0.9309', '0.9947', '0.9894', '0.9894', '0.9521', '0.9202', '0.9574', '0.9787', '0.9787']
valid_precision_score_each_class = ['0.7692', '0.8000', '0.9388', '0.8776', '1.0000', '1.0000', '0.6667', '0.9362', '0.6000', '0.6250', '1.0000', '0.9545']
valid_recall_score_each_class = ['0.4348', '0.9057', '0.9583', '0.8600', '0.9167', '0.8571', '0.6667', '0.8800', '0.1875', '0.5000', '0.8095', '0.9545']
valid_f1_score_each_class = ['0.5556', '0.8496', '0.9485', '0.8687', '0.9565', '0.9231', '0.6667', '0.9072', '0.2857', '0.5556', '0.8947', '0.9545']
epoch 14 valid end : avg_val_loss = 0.1265
epoch 14 valid end : avg_accuracy_score = 0.9574
epoch 14 valid end : macro_precision_score = 0.8473
epoch 14 valid end : macro_recall_score = 0.7442
epoch 14 valid end : macro_f1_score = 0.7805
Model saved at epoch: 14
Write to checkpoint
epoch 15 train end : avg_train_loss = 0.0615
epoch 15 train end : avg_accuracy_score = 0.9888
epoch 15 train end : macro_precision_score = 0.9857
epoch 15 train end : macro_recall_score = 0.9135
epoch 15 train end : macro_f1_score = 0.9451
valid_accuracy_score_each_class = ['0.9202', '0.9309', '0.9734', '0.9415', '0.9734', '0.9840', '0.9894', '0.9362', '0.9255', '0.9681', '0.9787', '0.9734']
valid_precision_score_each_class = ['0.6538', '0.8571', '0.9574', '0.9149', '1.0000', '1.0000', '0.6000', '0.9318', '0.7500', '0.8333', '0.9474', '0.9756']
valid_recall_score_each_class = ['0.7391', '0.9057', '0.9375', '0.8600', '0.5833', '0.7857', '1.0000', '0.8200', '0.1875', '0.5000', '0.8571', '0.9091']
valid_f1_score_each_class = ['0.6939', '0.8807', '0.9474', '0.8866', '0.7368', '0.8800', '0.7500', '0.8723', '0.3000', '0.6250', '0.9000', '0.9412']
epoch 15 valid end : avg_val_loss = 0.1329
epoch 15 valid end : avg_accuracy_score = 0.9579
epoch 15 valid end : macro_precision_score = 0.8685
epoch 15 valid end : macro_recall_score = 0.7571
epoch 15 valid end : macro_f1_score = 0.7845
Model saved at epoch: 15
Write to checkpoint
epoch 16 train end : avg_train_loss = 0.0550
epoch 16 train end : avg_accuracy_score = 0.9901
epoch 16 train end : macro_precision_score = 0.9779
epoch 16 train end : macro_recall_score = 0.9466
epoch 16 train end : macro_f1_score = 0.9603
valid_accuracy_score_each_class = ['0.9149', '0.9096', '0.9362', '0.9202', '0.9840', '0.9840', '0.9894', '0.9415', '0.9309', '0.9628', '0.9681', '0.9787']
valid_precision_score_each_class = ['0.6842', '0.7727', '0.8103', '0.8182', '1.0000', '1.0000', '1.0000', '0.9149', '1.0000', '0.7143', '0.9412', '0.9762']
valid_recall_score_each_class = ['0.5652', '0.9623', '0.9792', '0.9000', '0.7500', '0.7857', '0.3333', '0.8600', '0.1875', '0.5000', '0.7619', '0.9318']
valid_f1_score_each_class = ['0.6190', '0.8571', '0.8868', '0.8571', '0.8571', '0.8800', '0.5000', '0.8866', '0.3158', '0.5882', '0.8421', '0.9535']
epoch 16 valid end : avg_val_loss = 0.1376
epoch 16 valid end : avg_accuracy_score = 0.9517
epoch 16 valid end : macro_precision_score = 0.8860
epoch 16 valid end : macro_recall_score = 0.7097
epoch 16 valid end : macro_f1_score = 0.7536
epoch 17 train end : avg_train_loss = 0.0544
epoch 17 train end : avg_accuracy_score = 0.9907
epoch 17 train end : macro_precision_score = 0.9763
epoch 17 train end : macro_recall_score = 0.9500
epoch 17 train end : macro_f1_score = 0.9623
valid_accuracy_score_each_class = ['0.9043', '0.9149', '0.9681', '0.9309', '0.9734', '0.9840', '0.9840', '0.9362', '0.9255', '0.9574', '0.9681', '0.9734']
valid_precision_score_each_class = ['0.6316', '0.8033', '0.9565', '0.8776', '1.0000', '1.0000', '0.5000', '0.9130', '1.0000', '0.7500', '1.0000', '0.9333']
valid_recall_score_each_class = ['0.5217', '0.9245', '0.9167', '0.8600', '0.5833', '0.7857', '1.0000', '0.8400', '0.1250', '0.3000', '0.7143', '0.9545']
valid_f1_score_each_class = ['0.5714', '0.8596', '0.9362', '0.8687', '0.7368', '0.8800', '0.6667', '0.8750', '0.2222', '0.4286', '0.8333', '0.9438']
epoch 17 valid end : avg_val_loss = 0.1426
epoch 17 valid end : avg_accuracy_score = 0.9517
epoch 17 valid end : macro_precision_score = 0.8638
epoch 17 valid end : macro_recall_score = 0.7105
epoch 17 valid end : macro_f1_score = 0.7352
epoch 18 train end : avg_train_loss = 0.0500
epoch 18 train end : avg_accuracy_score = 0.9908
epoch 18 train end : macro_precision_score = 0.9860
epoch 18 train end : macro_recall_score = 0.9501
epoch 18 train end : macro_f1_score = 0.9667
valid_accuracy_score_each_class = ['0.9043', '0.9043', '0.9415', '0.9309', '0.9894', '0.9840', '0.9894', '0.9309', '0.9415', '0.9681', '0.9734', '0.9787']
valid_precision_score_each_class = ['0.6316', '0.7612', '0.8491', '0.8776', '1.0000', '1.0000', '0.6667', '0.8776', '1.0000', '0.8333', '0.9444', '0.9762']
valid_recall_score_each_class = ['0.5217', '0.9623', '0.9375', '0.8600', '0.8333', '0.7857', '0.6667', '0.8600', '0.3125', '0.5000', '0.8095', '0.9318']
valid_f1_score_each_class = ['0.5714', '0.8500', '0.8911', '0.8687', '0.9091', '0.8800', '0.6667', '0.8687', '0.4762', '0.6250', '0.8718', '0.9535']
epoch 18 valid end : avg_val_loss = 0.1371
epoch 18 valid end : avg_accuracy_score = 0.9530
epoch 18 valid end : macro_precision_score = 0.8681
epoch 18 valid end : macro_recall_score = 0.7484
epoch 18 valid end : macro_f1_score = 0.7860
Model saved at epoch: 18
Write to checkpoint
epoch 19 train end : avg_train_loss = 0.0447
epoch 19 train end : avg_accuracy_score = 0.9928
epoch 19 train end : macro_precision_score = 0.9900
epoch 19 train end : macro_recall_score = 0.9553
epoch 19 train end : macro_f1_score = 0.9714
valid_accuracy_score_each_class = ['0.8989', '0.9096', '0.9681', '0.9096', '0.9840', '0.9947', '0.9840', '0.9574', '0.9362', '0.9628', '0.9681', '0.9681']
valid_precision_score_each_class = ['0.5833', '0.7903', '0.9200', '0.8000', '1.0000', '1.0000', '0.5000', '0.9375', '1.0000', '0.7143', '1.0000', '0.9524']
valid_recall_score_each_class = ['0.6087', '0.9245', '0.9583', '0.8800', '0.7500', '0.9286', '0.6667', '0.9000', '0.2500', '0.5000', '0.7143', '0.9091']
valid_f1_score_each_class = ['0.5957', '0.8522', '0.9388', '0.8381', '0.8571', '0.9630', '0.5714', '0.9184', '0.4000', '0.5882', '0.8333', '0.9302']
epoch 19 valid end : avg_val_loss = 0.1365
epoch 19 valid end : avg_accuracy_score = 0.9535
epoch 19 valid end : macro_precision_score = 0.8498
epoch 19 valid end : macro_recall_score = 0.7492
epoch 19 valid end : macro_f1_score = 0.7739
epoch 20 train end : avg_train_loss = 0.0417
epoch 20 train end : avg_accuracy_score = 0.9935
epoch 20 train end : macro_precision_score = 0.9822
epoch 20 train end : macro_recall_score = 0.9742
epoch 20 train end : macro_f1_score = 0.9779
valid_accuracy_score_each_class = ['0.9096', '0.9149', '0.9574', '0.9255', '0.9894', '0.9840', '0.9840', '0.9415', '0.9309', '0.9681', '0.9628', '0.9628']
valid_precision_score_each_class = ['0.6250', '0.7937', '0.9167', '0.8333', '1.0000', '1.0000', '0.5000', '0.9535', '1.0000', '0.8333', '0.9375', '0.9512']
valid_recall_score_each_class = ['0.6522', '0.9434', '0.9167', '0.9000', '0.8333', '0.7857', '0.6667', '0.8200', '0.1875', '0.5000', '0.7143', '0.8864']
valid_f1_score_each_class = ['0.6383', '0.8621', '0.9167', '0.8654', '0.9091', '0.8800', '0.5714', '0.8817', '0.3158', '0.6250', '0.8108', '0.9176']
epoch 20 valid end : avg_val_loss = 0.1390
epoch 20 valid end : avg_accuracy_score = 0.9526
epoch 20 valid end : macro_precision_score = 0.8620
epoch 20 valid end : macro_recall_score = 0.7338
epoch 20 valid end : macro_f1_score = 0.7662
epoch 21 train end : avg_train_loss = 0.0397
epoch 21 train end : avg_accuracy_score = 0.9938
epoch 21 train end : macro_precision_score = 0.9853
epoch 21 train end : macro_recall_score = 0.9836
epoch 21 train end : macro_f1_score = 0.9843
valid_accuracy_score_each_class = ['0.9149', '0.9255', '0.9734', '0.9362', '0.9947', '0.9947', '0.9840', '0.9309', '0.9362', '0.9628', '0.9787', '0.9681']
valid_precision_score_each_class = ['0.6522', '0.8421', '0.9388', '0.8958', '1.0000', '1.0000', '0.5000', '0.9512', '1.0000', '0.6667', '0.9474', '0.9750']
valid_recall_score_each_class = ['0.6522', '0.9057', '0.9583', '0.8600', '0.9167', '0.9286', '0.6667', '0.7800', '0.2500', '0.6000', '0.8571', '0.8864']
valid_f1_score_each_class = ['0.6522', '0.8727', '0.9485', '0.8776', '0.9565', '0.9630', '0.5714', '0.8571', '0.4000', '0.6316', '0.9000', '0.9286']
epoch 21 valid end : avg_val_loss = 0.1319
epoch 21 valid end : avg_accuracy_score = 0.9583
epoch 21 valid end : macro_precision_score = 0.8641
epoch 21 valid end : macro_recall_score = 0.7718
epoch 21 valid end : macro_f1_score = 0.7966
Model saved at epoch: 21
Write to checkpoint
epoch 22 train end : avg_train_loss = 0.0379
epoch 22 train end : avg_accuracy_score = 0.9935
epoch 22 train end : macro_precision_score = 0.9842
epoch 22 train end : macro_recall_score = 0.9668
epoch 22 train end : macro_f1_score = 0.9747
valid_accuracy_score_each_class = ['0.9202', '0.9255', '0.9574', '0.9415', '0.9947', '0.9840', '0.9734', '0.9362', '0.9309', '0.9628', '0.9787', '0.9681']
valid_precision_score_each_class = ['0.7000', '0.8545', '0.9545', '0.9333', '1.0000', '1.0000', '0.3750', '0.9524', '1.0000', '0.7143', '0.9474', '0.9750']
valid_recall_score_each_class = ['0.6087', '0.8868', '0.8750', '0.8400', '0.9167', '0.7857', '1.0000', '0.8000', '0.1875', '0.5000', '0.8571', '0.8864']
valid_f1_score_each_class = ['0.6512', '0.8704', '0.9130', '0.8842', '0.9565', '0.8800', '0.5455', '0.8696', '0.3158', '0.5882', '0.9000', '0.9286']
epoch 22 valid end : avg_val_loss = 0.1351
epoch 22 valid end : avg_accuracy_score = 0.9561
epoch 22 valid end : macro_precision_score = 0.8672
epoch 22 valid end : macro_recall_score = 0.7620
epoch 22 valid end : macro_f1_score = 0.7752
epoch 23 train end : avg_train_loss = 0.0345
epoch 23 train end : avg_accuracy_score = 0.9945
epoch 23 train end : macro_precision_score = 0.9894
epoch 23 train end : macro_recall_score = 0.9631
epoch 23 train end : macro_f1_score = 0.9756
valid_accuracy_score_each_class = ['0.9255', '0.9149', '0.9628', '0.9415', '0.9894', '0.9840', '0.9840', '0.9362', '0.9309', '0.9628', '0.9574', '0.9521']
valid_precision_score_each_class = ['0.7647', '0.8033', '0.9020', '0.9333', '1.0000', '1.0000', '0.5000', '0.9524', '1.0000', '0.7143', '0.9333', '0.9070']
valid_recall_score_each_class = ['0.5652', '0.9245', '0.9583', '0.8400', '0.8333', '0.7857', '0.3333', '0.8000', '0.1875', '0.5000', '0.6667', '0.8864']
valid_f1_score_each_class = ['0.6500', '0.8596', '0.9293', '0.8842', '0.9091', '0.8800', '0.4000', '0.8696', '0.3158', '0.5882', '0.7778', '0.8966']
epoch 23 valid end : avg_val_loss = 0.1387
epoch 23 valid end : avg_accuracy_score = 0.9535
epoch 23 valid end : macro_precision_score = 0.8675
epoch 23 valid end : macro_recall_score = 0.6901
epoch 23 valid end : macro_f1_score = 0.7467
epoch 24 train end : avg_train_loss = 0.0328
epoch 24 train end : avg_accuracy_score = 0.9945
epoch 24 train end : macro_precision_score = 0.9836
epoch 24 train end : macro_recall_score = 0.9781
epoch 24 train end : macro_f1_score = 0.9807
valid_accuracy_score_each_class = ['0.9096', '0.9043', '0.9734', '0.9202', '0.9787', '0.9787', '0.9894', '0.9309', '0.9255', '0.9628', '0.9681', '0.9628']
valid_precision_score_each_class = ['0.6364', '0.7778', '0.9574', '0.8302', '1.0000', '1.0000', '0.6667', '0.9302', '0.7500', '0.7143', '0.9412', '0.9512']
valid_recall_score_each_class = ['0.6087', '0.9245', '0.9375', '0.8800', '0.6667', '0.7143', '0.6667', '0.8000', '0.1875', '0.5000', '0.7619', '0.8864']
valid_f1_score_each_class = ['0.6222', '0.8448', '0.9474', '0.8544', '0.8000', '0.8333', '0.6667', '0.8602', '0.3000', '0.5882', '0.8421', '0.9176']
epoch 24 valid end : avg_val_loss = 0.1439
epoch 24 valid end : avg_accuracy_score = 0.9504
epoch 24 valid end : macro_precision_score = 0.8463
epoch 24 valid end : macro_recall_score = 0.7112
epoch 24 valid end : macro_f1_score = 0.7564
epoch 25 train end : avg_train_loss = 0.0323
epoch 25 train end : avg_accuracy_score = 0.9947
epoch 25 train end : macro_precision_score = 0.9858
epoch 25 train end : macro_recall_score = 0.9813
epoch 25 train end : macro_f1_score = 0.9834
valid_accuracy_score_each_class = ['0.9202', '0.9202', '0.9787', '0.9415', '1.0000', '0.9947', '0.9840', '0.9362', '0.9255', '0.9628', '0.9894', '0.9628']
valid_precision_score_each_class = ['0.6818', '0.8276', '0.9583', '0.9149', '1.0000', '1.0000', '0.5000', '0.9318', '0.7500', '0.7143', '0.9524', '1.0000']
valid_recall_score_each_class = ['0.6522', '0.9057', '0.9583', '0.8600', '1.0000', '0.9286', '0.6667', '0.8200', '0.1875', '0.5000', '0.9524', '0.8409']
valid_f1_score_each_class = ['0.6667', '0.8649', '0.9583', '0.8866', '1.0000', '0.9630', '0.5714', '0.8723', '0.3000', '0.5882', '0.9524', '0.9136']
epoch 25 valid end : avg_val_loss = 0.1298
epoch 25 valid end : avg_accuracy_score = 0.9597
epoch 25 valid end : macro_precision_score = 0.8526
epoch 25 valid end : macro_recall_score = 0.7727
epoch 25 valid end : macro_f1_score = 0.7948
epoch 26 train end : avg_train_loss = 0.0297
epoch 26 train end : avg_accuracy_score = 0.9957
epoch 26 train end : macro_precision_score = 0.9883
epoch 26 train end : macro_recall_score = 0.9820
epoch 26 train end : macro_f1_score = 0.9849
valid_accuracy_score_each_class = ['0.9149', '0.9255', '0.9734', '0.9309', '0.9947', '0.9840', '0.9894', '0.9415', '0.9255', '0.9681', '0.9840', '0.9840']
valid_precision_score_each_class = ['0.6667', '0.8545', '0.9778', '0.8936', '1.0000', '1.0000', '0.6000', '0.9333', '0.7500', '0.7000', '1.0000', '0.9767']
valid_recall_score_each_class = ['0.6087', '0.8868', '0.9167', '0.8400', '0.9167', '0.7857', '1.0000', '0.8400', '0.1875', '0.7000', '0.8571', '0.9545']
valid_f1_score_each_class = ['0.6364', '0.8704', '0.9462', '0.8660', '0.9565', '0.8800', '0.7500', '0.8842', '0.3000', '0.7000', '0.9231', '0.9655']
epoch 26 valid end : avg_val_loss = 0.1300
epoch 26 valid end : avg_accuracy_score = 0.9597
epoch 26 valid end : macro_precision_score = 0.8627
epoch 26 valid end : macro_recall_score = 0.7911
epoch 26 valid end : macro_f1_score = 0.8065
Model saved at epoch: 26
Write to checkpoint
epoch 27 train end : avg_train_loss = 0.0301
epoch 27 train end : avg_accuracy_score = 0.9950
epoch 27 train end : macro_precision_score = 0.9863
epoch 27 train end : macro_recall_score = 0.9837
epoch 27 train end : macro_f1_score = 0.9849
valid_accuracy_score_each_class = ['0.8883', '0.9096', '0.9681', '0.9255', '0.9787', '0.9840', '0.9894', '0.9362', '0.9255', '0.9681', '0.9894', '0.9894']
valid_precision_score_each_class = ['0.5312', '0.7903', '0.9038', '0.8600', '1.0000', '1.0000', '0.6000', '0.9318', '0.7500', '0.7000', '1.0000', '1.0000']
valid_recall_score_each_class = ['0.7391', '0.9245', '0.9792', '0.8600', '0.6667', '0.7857', '1.0000', '0.8200', '0.1875', '0.7000', '0.9048', '0.9545']
valid_f1_score_each_class = ['0.6182', '0.8522', '0.9400', '0.8600', '0.8000', '0.8800', '0.7500', '0.8723', '0.3000', '0.7000', '0.9500', '0.9767']
epoch 27 valid end : avg_val_loss = 0.1355
epoch 27 valid end : avg_accuracy_score = 0.9543
epoch 27 valid end : macro_precision_score = 0.8389
epoch 27 valid end : macro_recall_score = 0.7935
epoch 27 valid end : macro_f1_score = 0.7916
epoch 28 train end : avg_train_loss = 0.0302
epoch 28 train end : avg_accuracy_score = 0.9934
epoch 28 train end : macro_precision_score = 0.9824
epoch 28 train end : macro_recall_score = 0.9697
epoch 28 train end : macro_f1_score = 0.9757
valid_accuracy_score_each_class = ['0.9255', '0.9255', '0.9628', '0.9362', '0.9947', '0.9894', '0.9840', '0.9255', '0.9309', '0.9734', '0.9840', '0.9787']
valid_precision_score_each_class = ['0.7647', '0.8305', '0.9020', '0.8958', '1.0000', '1.0000', '0.5000', '0.9500', '0.7143', '0.8571', '1.0000', '0.9545']
valid_recall_score_each_class = ['0.5652', '0.9245', '0.9583', '0.8600', '0.9167', '0.8571', '1.0000', '0.7600', '0.3125', '0.6000', '0.8571', '0.9545']
valid_f1_score_each_class = ['0.6500', '0.8750', '0.9293', '0.8776', '0.9565', '0.9231', '0.6667', '0.8444', '0.4348', '0.7059', '0.9231', '0.9545']
epoch 28 valid end : avg_val_loss = 0.1437
epoch 28 valid end : avg_accuracy_score = 0.9592
epoch 28 valid end : macro_precision_score = 0.8641
epoch 28 valid end : macro_recall_score = 0.7972
epoch 28 valid end : macro_f1_score = 0.8117
Model saved at epoch: 28
Write to checkpoint
epoch 29 train end : avg_train_loss = 0.0284
epoch 29 train end : avg_accuracy_score = 0.9953
epoch 29 train end : macro_precision_score = 0.9867
epoch 29 train end : macro_recall_score = 0.9821
epoch 29 train end : macro_f1_score = 0.9843
valid_accuracy_score_each_class = ['0.9202', '0.9309', '0.9628', '0.9362', '1.0000', '0.9947', '0.9840', '0.9415', '0.9415', '0.9681', '0.9734', '0.9681']
valid_precision_score_each_class = ['0.6667', '0.8571', '0.9362', '0.8800', '1.0000', '1.0000', '0.5000', '0.9149', '0.8571', '0.7500', '1.0000', '0.9524']
valid_recall_score_each_class = ['0.6957', '0.9057', '0.9167', '0.8800', '1.0000', '0.9286', '0.6667', '0.8600', '0.3750', '0.6000', '0.7619', '0.9091']
valid_f1_score_each_class = ['0.6809', '0.8807', '0.9263', '0.8800', '1.0000', '0.9630', '0.5714', '0.8866', '0.5217', '0.6667', '0.8649', '0.9302']
epoch 29 valid end : avg_val_loss = 0.1263
epoch 29 valid end : avg_accuracy_score = 0.9601
epoch 29 valid end : macro_precision_score = 0.8595
epoch 29 valid end : macro_recall_score = 0.7916
epoch 29 valid end : macro_f1_score = 0.8144
Model saved at epoch: 29
Write to checkpoint
epoch 30 train end : avg_train_loss = 0.0260
epoch 30 train end : avg_accuracy_score = 0.9956
epoch 30 train end : macro_precision_score = 0.9871
epoch 30 train end : macro_recall_score = 0.9863
epoch 30 train end : macro_f1_score = 0.9865
valid_accuracy_score_each_class = ['0.9043', '0.9255', '0.9681', '0.9362', '0.9947', '0.9947', '0.9787', '0.9521', '0.9309', '0.9681', '0.9840', '0.9681']
valid_precision_score_each_class = ['0.6087', '0.8421', '0.9565', '0.8958', '1.0000', '1.0000', '0.4286', '0.9184', '0.8000', '0.7000', '0.9500', '0.9750']
valid_recall_score_each_class = ['0.6087', '0.9057', '0.9167', '0.8600', '0.9167', '0.9286', '1.0000', '0.9000', '0.2500', '0.7000', '0.9048', '0.8864']
valid_f1_score_each_class = ['0.6087', '0.8727', '0.9362', '0.8776', '0.9565', '0.9630', '0.6000', '0.9091', '0.3810', '0.7000', '0.9268', '0.9286']
epoch 30 valid end : avg_val_loss = 0.1328
epoch 30 valid end : avg_accuracy_score = 0.9588
epoch 30 valid end : macro_precision_score = 0.8396
epoch 30 valid end : macro_recall_score = 0.8148
epoch 30 valid end : macro_f1_score = 0.8050
epoch 31 train end : avg_train_loss = 0.0231
epoch 31 train end : avg_accuracy_score = 0.9966
epoch 31 train end : macro_precision_score = 0.9942
epoch 31 train end : macro_recall_score = 0.9849
epoch 31 train end : macro_f1_score = 0.9894
valid_accuracy_score_each_class = ['0.9309', '0.9202', '0.9681', '0.9362', '1.0000', '0.9894', '0.9947', '0.9415', '0.9362', '0.9734', '0.9894', '0.9681']
valid_precision_score_each_class = ['0.7778', '0.8276', '0.9375', '0.8800', '1.0000', '1.0000', '0.7500', '0.9333', '0.7500', '0.8571', '0.9524', '1.0000']
valid_recall_score_each_class = ['0.6087', '0.9057', '0.9375', '0.8800', '1.0000', '0.8571', '1.0000', '0.8400', '0.3750', '0.6000', '0.9524', '0.8636']
valid_f1_score_each_class = ['0.6829', '0.8649', '0.9375', '0.8800', '1.0000', '0.9231', '0.8571', '0.8842', '0.5000', '0.7059', '0.9524', '0.9268']
epoch 31 valid end : avg_val_loss = 0.1321
epoch 31 valid end : avg_accuracy_score = 0.9623
epoch 31 valid end : macro_precision_score = 0.8888
epoch 31 valid end : macro_recall_score = 0.8183
epoch 31 valid end : macro_f1_score = 0.8429
Model saved at epoch: 31
Write to checkpoint
epoch 32 train end : avg_train_loss = 0.0211
epoch 32 train end : avg_accuracy_score = 0.9967
epoch 32 train end : macro_precision_score = 0.9892
epoch 32 train end : macro_recall_score = 0.9929
epoch 32 train end : macro_f1_score = 0.9910
valid_accuracy_score_each_class = ['0.9096', '0.9255', '0.9681', '0.9362', '0.9894', '0.9894', '0.9894', '0.9468', '0.9362', '0.9681', '0.9787', '0.9734']
valid_precision_score_each_class = ['0.6071', '0.8421', '0.9565', '0.8800', '1.0000', '1.0000', '0.6000', '0.9348', '0.8333', '0.8333', '0.9474', '0.9756']
valid_recall_score_each_class = ['0.7391', '0.9057', '0.9167', '0.8800', '0.8333', '0.8571', '1.0000', '0.8600', '0.3125', '0.5000', '0.8571', '0.9091']
valid_f1_score_each_class = ['0.6667', '0.8727', '0.9362', '0.8800', '0.9091', '0.9231', '0.7500', '0.8958', '0.4545', '0.6250', '0.9000', '0.9412']
epoch 32 valid end : avg_val_loss = 0.1408
epoch 32 valid end : avg_accuracy_score = 0.9592
epoch 32 valid end : macro_precision_score = 0.8675
epoch 32 valid end : macro_recall_score = 0.7976
epoch 32 valid end : macro_f1_score = 0.8129
epoch 33 train end : avg_train_loss = 0.0205
epoch 33 train end : avg_accuracy_score = 0.9969
epoch 33 train end : macro_precision_score = 0.9920
epoch 33 train end : macro_recall_score = 0.9887
epoch 33 train end : macro_f1_score = 0.9903
valid_accuracy_score_each_class = ['0.9309', '0.9255', '0.9734', '0.9309', '0.9947', '0.9947', '0.9840', '0.9309', '0.9309', '0.9574', '0.9787', '0.9734']
valid_precision_score_each_class = ['0.7083', '0.8197', '0.9388', '0.8627', '1.0000', '1.0000', '0.5000', '0.9302', '0.8000', '0.6000', '0.9474', '0.9756']
valid_recall_score_each_class = ['0.7391', '0.9434', '0.9583', '0.8800', '0.9167', '0.9286', '0.6667', '0.8000', '0.2500', '0.6000', '0.8571', '0.9091']
valid_f1_score_each_class = ['0.7234', '0.8772', '0.9485', '0.8713', '0.9565', '0.9630', '0.5714', '0.8602', '0.3810', '0.6000', '0.9000', '0.9412']
epoch 33 valid end : avg_val_loss = 0.1378
epoch 33 valid end : avg_accuracy_score = 0.9588
epoch 33 valid end : macro_precision_score = 0.8402
epoch 33 valid end : macro_recall_score = 0.7874
epoch 33 valid end : macro_f1_score = 0.7995
epoch 34 train end : avg_train_loss = 0.0196
epoch 34 train end : avg_accuracy_score = 0.9967
epoch 34 train end : macro_precision_score = 0.9861
epoch 34 train end : macro_recall_score = 0.9947
epoch 34 train end : macro_f1_score = 0.9903
valid_accuracy_score_each_class = ['0.9309', '0.9202', '0.9628', '0.9202', '0.9947', '0.9894', '0.9894', '0.9362', '0.9362', '0.9681', '0.9840', '0.9628']
valid_precision_score_each_class = ['0.7273', '0.8276', '0.9556', '0.8431', '1.0000', '1.0000', '0.6000', '0.9318', '0.7500', '0.7500', '0.9500', '0.9744']
valid_recall_score_each_class = ['0.6957', '0.9057', '0.8958', '0.8600', '0.9167', '0.8571', '1.0000', '0.8200', '0.3750', '0.6000', '0.9048', '0.8636']
valid_f1_score_each_class = ['0.7111', '0.8649', '0.9247', '0.8515', '0.9565', '0.9231', '0.7500', '0.8723', '0.5000', '0.6667', '0.9268', '0.9157']
epoch 34 valid end : avg_val_loss = 0.1349
epoch 34 valid end : avg_accuracy_score = 0.9579
epoch 34 valid end : macro_precision_score = 0.8591
epoch 34 valid end : macro_recall_score = 0.8079
epoch 34 valid end : macro_f1_score = 0.8219
epoch 35 train end : avg_train_loss = 0.0178
epoch 35 train end : avg_accuracy_score = 0.9967
epoch 35 train end : macro_precision_score = 0.9885
epoch 35 train end : macro_recall_score = 0.9921
epoch 35 train end : macro_f1_score = 0.9903
valid_accuracy_score_each_class = ['0.9255', '0.9149', '0.9468', '0.9202', '0.9947', '0.9894', '0.9947', '0.9309', '0.9255', '0.9681', '0.9840', '0.9681']
valid_precision_score_each_class = ['0.6800', '0.7846', '0.8654', '0.8571', '1.0000', '1.0000', '0.7500', '0.9302', '0.6667', '0.7500', '0.9500', '0.9750']
valid_recall_score_each_class = ['0.7391', '0.9623', '0.9375', '0.8400', '0.9167', '0.8571', '1.0000', '0.8000', '0.2500', '0.6000', '0.9048', '0.8864']
valid_f1_score_each_class = ['0.7083', '0.8644', '0.9000', '0.8485', '0.9565', '0.9231', '0.8571', '0.8602', '0.3636', '0.6667', '0.9268', '0.9286']
epoch 35 valid end : avg_val_loss = 0.1390
epoch 35 valid end : avg_accuracy_score = 0.9552
epoch 35 valid end : macro_precision_score = 0.8508
epoch 35 valid end : macro_recall_score = 0.8078
epoch 35 valid end : macro_f1_score = 0.8170
epoch 36 train end : avg_train_loss = 0.0180
epoch 36 train end : avg_accuracy_score = 0.9967
epoch 36 train end : macro_precision_score = 0.9920
epoch 36 train end : macro_recall_score = 0.9885
epoch 36 train end : macro_f1_score = 0.9902
valid_accuracy_score_each_class = ['0.9362', '0.9202', '0.9574', '0.9255', '0.9947', '0.9894', '0.9894', '0.9468', '0.9362', '0.9681', '0.9787', '0.9681']
valid_precision_score_each_class = ['0.7391', '0.8065', '0.9167', '0.8600', '1.0000', '1.0000', '0.6000', '0.9348', '0.7500', '0.7500', '1.0000', '0.9524']
valid_recall_score_each_class = ['0.7391', '0.9434', '0.9167', '0.8600', '0.9167', '0.8571', '1.0000', '0.8600', '0.3750', '0.6000', '0.8095', '0.9091']
valid_f1_score_each_class = ['0.7391', '0.8696', '0.9167', '0.8600', '0.9565', '0.9231', '0.7500', '0.8958', '0.5000', '0.6667', '0.8947', '0.9302']
epoch 36 valid end : avg_val_loss = 0.1420
epoch 36 valid end : avg_accuracy_score = 0.9592
epoch 36 valid end : macro_precision_score = 0.8591
epoch 36 valid end : macro_recall_score = 0.8156
epoch 36 valid end : macro_f1_score = 0.8252
epoch 37 train end : avg_train_loss = 0.0172
epoch 37 train end : avg_accuracy_score = 0.9962
epoch 37 train end : macro_precision_score = 0.9910
epoch 37 train end : macro_recall_score = 0.9867
epoch 37 train end : macro_f1_score = 0.9888
valid_accuracy_score_each_class = ['0.9309', '0.9255', '0.9734', '0.9309', '0.9894', '0.9840', '0.9894', '0.9362', '0.9309', '0.9628', '0.9787', '0.9681']
valid_precision_score_each_class = ['0.7083', '0.8421', '0.9574', '0.8627', '1.0000', '1.0000', '0.6000', '0.9318', '0.7143', '0.6667', '1.0000', '0.9524']
valid_recall_score_each_class = ['0.7391', '0.9057', '0.9375', '0.8800', '0.8333', '0.7857', '1.0000', '0.8200', '0.3125', '0.6000', '0.8095', '0.9091']
valid_f1_score_each_class = ['0.7234', '0.8727', '0.9474', '0.8713', '0.9091', '0.8800', '0.7500', '0.8723', '0.4348', '0.6316', '0.8947', '0.9302']
epoch 37 valid end : avg_val_loss = 0.1414
epoch 37 valid end : avg_accuracy_score = 0.9583
epoch 37 valid end : macro_precision_score = 0.8530
epoch 37 valid end : macro_recall_score = 0.7944
epoch 37 valid end : macro_f1_score = 0.8098
epoch 38 train end : avg_train_loss = 0.0163
epoch 38 train end : avg_accuracy_score = 0.9967
epoch 38 train end : macro_precision_score = 0.9891
epoch 38 train end : macro_recall_score = 0.9935
epoch 38 train end : macro_f1_score = 0.9912
valid_accuracy_score_each_class = ['0.9202', '0.9149', '0.9681', '0.9362', '0.9947', '0.9894', '0.9840', '0.9415', '0.9309', '0.9681', '0.9840', '0.9681']
valid_precision_score_each_class = ['0.6429', '0.8136', '0.9565', '0.8654', '1.0000', '1.0000', '0.5000', '0.9333', '0.7143', '0.7500', '1.0000', '0.9524']
valid_recall_score_each_class = ['0.7826', '0.9057', '0.9167', '0.9000', '0.9167', '0.8571', '1.0000', '0.8400', '0.3125', '0.6000', '0.8571', '0.9091']
valid_f1_score_each_class = ['0.7059', '0.8571', '0.9362', '0.8824', '0.9565', '0.9231', '0.6667', '0.8842', '0.4348', '0.6667', '0.9231', '0.9302']
epoch 38 valid end : avg_val_loss = 0.1479
epoch 38 valid end : avg_accuracy_score = 0.9583
epoch 38 valid end : macro_precision_score = 0.8440
epoch 38 valid end : macro_recall_score = 0.8165
epoch 38 valid end : macro_f1_score = 0.8139
epoch 39 train end : avg_train_loss = 0.0164
epoch 39 train end : avg_accuracy_score = 0.9963
epoch 39 train end : macro_precision_score = 0.9902
epoch 39 train end : macro_recall_score = 0.9884
epoch 39 train end : macro_f1_score = 0.9893
valid_accuracy_score_each_class = ['0.9255', '0.9255', '0.9628', '0.9362', '0.9947', '0.9894', '0.9894', '0.9628', '0.9362', '0.9681', '0.9787', '0.9681']
valid_precision_score_each_class = ['0.7143', '0.8421', '0.9362', '0.8958', '1.0000', '1.0000', '0.6000', '0.9388', '0.7500', '0.7500', '1.0000', '0.9524']
valid_recall_score_each_class = ['0.6522', '0.9057', '0.9167', '0.8600', '0.9167', '0.8571', '1.0000', '0.9200', '0.3750', '0.6000', '0.8095', '0.9091']
valid_f1_score_each_class = ['0.6818', '0.8727', '0.9263', '0.8776', '0.9565', '0.9231', '0.7500', '0.9293', '0.5000', '0.6667', '0.8947', '0.9302']
epoch 39 valid end : avg_val_loss = 0.1390
epoch 39 valid end : avg_accuracy_score = 0.9614
epoch 39 valid end : macro_precision_score = 0.8650
epoch 39 valid end : macro_recall_score = 0.8102
epoch 39 valid end : macro_f1_score = 0.8257
epoch 40 train end : avg_train_loss = 0.0156
epoch 40 train end : avg_accuracy_score = 0.9966
epoch 40 train end : macro_precision_score = 0.9943
epoch 40 train end : macro_recall_score = 0.9880
epoch 40 train end : macro_f1_score = 0.9910
valid_accuracy_score_each_class = ['0.9309', '0.9096', '0.9628', '0.9309', '0.9894', '0.9840', '0.9894', '0.9468', '0.9202', '0.9628', '0.9840', '0.9681']
valid_precision_score_each_class = ['0.7083', '0.8000', '0.9020', '0.8627', '1.0000', '1.0000', '0.6000', '0.9348', '0.6000', '0.6667', '1.0000', '0.9524']
valid_recall_score_each_class = ['0.7391', '0.9057', '0.9583', '0.8800', '0.8333', '0.7857', '1.0000', '0.8600', '0.1875', '0.6000', '0.8571', '0.9091']
valid_f1_score_each_class = ['0.7234', '0.8496', '0.9293', '0.8713', '0.9091', '0.8800', '0.7500', '0.8958', '0.2857', '0.6316', '0.9231', '0.9302']
epoch 40 valid end : avg_val_loss = 0.1521
epoch 40 valid end : avg_accuracy_score = 0.9566
epoch 40 valid end : macro_precision_score = 0.8356
epoch 40 valid end : macro_recall_score = 0.7930
epoch 40 valid end : macro_f1_score = 0.7983
epoch 41 train end : avg_train_loss = 0.0173
epoch 41 train end : avg_accuracy_score = 0.9967
epoch 41 train end : macro_precision_score = 0.9926
epoch 41 train end : macro_recall_score = 0.9924
epoch 41 train end : macro_f1_score = 0.9924
valid_accuracy_score_each_class = ['0.9362', '0.9202', '0.9681', '0.9362', '0.9947', '0.9840', '0.9947', '0.9255', '0.9362', '0.9681', '0.9787', '0.9681']
valid_precision_score_each_class = ['0.7391', '0.8276', '0.9565', '0.8958', '1.0000', '1.0000', '0.7500', '0.9286', '0.7500', '0.7500', '1.0000', '0.9524']
valid_recall_score_each_class = ['0.7391', '0.9057', '0.9167', '0.8600', '0.9167', '0.7857', '1.0000', '0.7800', '0.3750', '0.6000', '0.8095', '0.9091']
valid_f1_score_each_class = ['0.7391', '0.8649', '0.9362', '0.8776', '0.9565', '0.8800', '0.8571', '0.8478', '0.5000', '0.6667', '0.8947', '0.9302']
epoch 41 valid end : avg_val_loss = 0.1442
epoch 41 valid end : avg_accuracy_score = 0.9592
epoch 41 valid end : macro_precision_score = 0.8792
epoch 41 valid end : macro_recall_score = 0.7998
epoch 41 valid end : macro_f1_score = 0.8292
epoch 42 train end : avg_train_loss = 0.0151
epoch 42 train end : avg_accuracy_score = 0.9970
epoch 42 train end : macro_precision_score = 0.9915
epoch 42 train end : macro_recall_score = 0.9924
epoch 42 train end : macro_f1_score = 0.9918
valid_accuracy_score_each_class = ['0.9362', '0.9149', '0.9628', '0.9362', '0.9894', '0.9840', '0.9894', '0.9415', '0.9255', '0.9628', '0.9840', '0.9628']
valid_precision_score_each_class = ['0.7619', '0.8136', '0.9184', '0.8654', '1.0000', '1.0000', '0.6000', '0.9333', '0.6667', '0.6667', '1.0000', '0.9512']
valid_recall_score_each_class = ['0.6957', '0.9057', '0.9375', '0.9000', '0.8333', '0.7857', '1.0000', '0.8400', '0.2500', '0.6000', '0.8571', '0.8864']
valid_f1_score_each_class = ['0.7273', '0.8571', '0.9278', '0.8824', '0.9091', '0.8800', '0.7500', '0.8842', '0.3636', '0.6316', '0.9231', '0.9176']
epoch 42 valid end : avg_val_loss = 0.1497
epoch 42 valid end : avg_accuracy_score = 0.9574
epoch 42 valid end : macro_precision_score = 0.8481
epoch 42 valid end : macro_recall_score = 0.7909
epoch 42 valid end : macro_f1_score = 0.8045
epoch 43 train end : avg_train_loss = 0.0145
epoch 43 train end : avg_accuracy_score = 0.9966
epoch 43 train end : macro_precision_score = 0.9919
epoch 43 train end : macro_recall_score = 0.9901
epoch 43 train end : macro_f1_score = 0.9909
valid_accuracy_score_each_class = ['0.9309', '0.9149', '0.9574', '0.9362', '0.9947', '0.9894', '0.9947', '0.9255', '0.9362', '0.9681', '0.9734', '0.9681']
valid_precision_score_each_class = ['0.7083', '0.8136', '0.9167', '0.8654', '1.0000', '1.0000', '0.7500', '0.9286', '0.7500', '0.7500', '1.0000', '0.9524']
valid_recall_score_each_class = ['0.7391', '0.9057', '0.9167', '0.9000', '0.9167', '0.8571', '1.0000', '0.7800', '0.3750', '0.6000', '0.7619', '0.9091']
valid_f1_score_each_class = ['0.7234', '0.8571', '0.9167', '0.8824', '0.9565', '0.9231', '0.8571', '0.8478', '0.5000', '0.6667', '0.8649', '0.9302']
epoch 43 valid end : avg_val_loss = 0.1484
epoch 43 valid end : avg_accuracy_score = 0.9574
epoch 43 valid end : macro_precision_score = 0.8696
epoch 43 valid end : macro_recall_score = 0.8051
epoch 43 valid end : macro_f1_score = 0.8272
epoch 44 train end : avg_train_loss = 0.0139
epoch 44 train end : avg_accuracy_score = 0.9966
epoch 44 train end : macro_precision_score = 0.9904
epoch 44 train end : macro_recall_score = 0.9934
epoch 44 train end : macro_f1_score = 0.9918
valid_accuracy_score_each_class = ['0.9202', '0.9096', '0.9574', '0.9362', '0.9947', '0.9894', '0.9894', '0.9468', '0.9362', '0.9734', '0.9787', '0.9681']
valid_precision_score_each_class = ['0.7000', '0.8000', '0.9167', '0.8800', '1.0000', '1.0000', '0.6000', '0.9348', '0.7500', '0.8571', '1.0000', '0.9524']
valid_recall_score_each_class = ['0.6087', '0.9057', '0.9167', '0.8800', '0.9167', '0.8571', '1.0000', '0.8600', '0.3750', '0.6000', '0.8095', '0.9091']
valid_f1_score_each_class = ['0.6512', '0.8496', '0.9167', '0.8800', '0.9565', '0.9231', '0.7500', '0.8958', '0.5000', '0.7059', '0.8947', '0.9302']
epoch 44 valid end : avg_val_loss = 0.1509
epoch 44 valid end : avg_accuracy_score = 0.9583
epoch 44 valid end : macro_precision_score = 0.8659
epoch 44 valid end : macro_recall_score = 0.8032
epoch 44 valid end : macro_f1_score = 0.8211
epoch 45 train end : avg_train_loss = 0.0135
epoch 45 train end : avg_accuracy_score = 0.9962
epoch 45 train end : macro_precision_score = 0.9918
epoch 45 train end : macro_recall_score = 0.9914
epoch 45 train end : macro_f1_score = 0.9915
valid_accuracy_score_each_class = ['0.9096', '0.9149', '0.9628', '0.9415', '0.9894', '0.9894', '0.9840', '0.9362', '0.9362', '0.9628', '0.9787', '0.9681']
valid_precision_score_each_class = ['0.6071', '0.8246', '0.9362', '0.8980', '1.0000', '1.0000', '0.5000', '0.9318', '0.7500', '0.6667', '1.0000', '0.9524']
valid_recall_score_each_class = ['0.7391', '0.8868', '0.9167', '0.8800', '0.8333', '0.8571', '1.0000', '0.8200', '0.3750', '0.6000', '0.8095', '0.9091']
valid_f1_score_each_class = ['0.6667', '0.8545', '0.9263', '0.8889', '0.9091', '0.9231', '0.6667', '0.8723', '0.5000', '0.6316', '0.8947', '0.9302']
epoch 45 valid end : avg_val_loss = 0.1539
epoch 45 valid end : avg_accuracy_score = 0.9561
epoch 45 valid end : macro_precision_score = 0.8389
epoch 45 valid end : macro_recall_score = 0.8022
epoch 45 valid end : macro_f1_score = 0.8053
epoch 46 train end : avg_train_loss = 0.0141
epoch 46 train end : avg_accuracy_score = 0.9965
epoch 46 train end : macro_precision_score = 0.9887
epoch 46 train end : macro_recall_score = 0.9886
epoch 46 train end : macro_f1_score = 0.9886
valid_accuracy_score_each_class = ['0.9309', '0.8989', '0.9574', '0.9309', '0.9947', '0.9894', '0.9894', '0.9468', '0.9362', '0.9734', '0.9734', '0.9681']
valid_precision_score_each_class = ['0.7273', '0.7576', '0.9167', '0.8491', '1.0000', '1.0000', '0.6000', '0.9348', '0.7500', '0.8571', '1.0000', '0.9524']
valid_recall_score_each_class = ['0.6957', '0.9434', '0.9167', '0.9000', '0.9167', '0.8571', '1.0000', '0.8600', '0.3750', '0.6000', '0.7619', '0.9091']
valid_f1_score_each_class = ['0.7111', '0.8403', '0.9167', '0.8738', '0.9565', '0.9231', '0.7500', '0.8958', '0.5000', '0.7059', '0.8649', '0.9302']
epoch 46 valid end : avg_val_loss = 0.1593
epoch 46 valid end : avg_accuracy_score = 0.9574
epoch 46 valid end : macro_precision_score = 0.8621
epoch 46 valid end : macro_recall_score = 0.8113
epoch 46 valid end : macro_f1_score = 0.8224
epoch 47 train end : avg_train_loss = 0.0132
epoch 47 train end : avg_accuracy_score = 0.9965
epoch 47 train end : macro_precision_score = 0.9893
epoch 47 train end : macro_recall_score = 0.9923
epoch 47 train end : macro_f1_score = 0.9906
valid_accuracy_score_each_class = ['0.9309', '0.9149', '0.9681', '0.9309', '0.9947', '0.9894', '0.9840', '0.9202', '0.9309', '0.9628', '0.9787', '0.9681']
valid_precision_score_each_class = ['0.7273', '0.8136', '0.9375', '0.8776', '1.0000', '1.0000', '0.5000', '0.9268', '0.7143', '0.6667', '1.0000', '0.9524']
valid_recall_score_each_class = ['0.6957', '0.9057', '0.9375', '0.8600', '0.9167', '0.8571', '1.0000', '0.7600', '0.3125', '0.6000', '0.8095', '0.9091']
valid_f1_score_each_class = ['0.7111', '0.8571', '0.9375', '0.8687', '0.9565', '0.9231', '0.6667', '0.8352', '0.4348', '0.6316', '0.8947', '0.9302']
epoch 47 valid end : avg_val_loss = 0.1549
epoch 47 valid end : avg_accuracy_score = 0.9561
epoch 47 valid end : macro_precision_score = 0.8430
epoch 47 valid end : macro_recall_score = 0.7970
epoch 47 valid end : macro_f1_score = 0.8039
epoch 48 train end : avg_train_loss = 0.0149
epoch 48 train end : avg_accuracy_score = 0.9957
epoch 48 train end : macro_precision_score = 0.9881
epoch 48 train end : macro_recall_score = 0.9847
epoch 48 train end : macro_f1_score = 0.9864
valid_accuracy_score_each_class = ['0.9149', '0.9202', '0.9681', '0.9362', '0.9947', '0.9894', '0.9840', '0.9415', '0.9309', '0.9681', '0.9787', '0.9681']
valid_precision_score_each_class = ['0.6296', '0.8276', '0.9565', '0.8800', '1.0000', '1.0000', '0.5000', '0.9333', '0.7143', '0.7500', '1.0000', '0.9524']
valid_recall_score_each_class = ['0.7391', '0.9057', '0.9167', '0.8800', '0.9167', '0.8571', '1.0000', '0.8400', '0.3125', '0.6000', '0.8095', '0.9091']
valid_f1_score_each_class = ['0.6800', '0.8649', '0.9362', '0.8800', '0.9565', '0.9231', '0.6667', '0.8842', '0.4348', '0.6667', '0.8947', '0.9302']
epoch 48 valid end : avg_val_loss = 0.1667
epoch 48 valid end : avg_accuracy_score = 0.9579
epoch 48 valid end : macro_precision_score = 0.8453
epoch 48 valid end : macro_recall_score = 0.8072
epoch 48 valid end : macro_f1_score = 0.8098
epoch 49 train end : avg_train_loss = 0.0137
epoch 49 train end : avg_accuracy_score = 0.9957
epoch 49 train end : macro_precision_score = 0.9910
epoch 49 train end : macro_recall_score = 0.9874
epoch 49 train end : macro_f1_score = 0.9891
valid_accuracy_score_each_class = ['0.9096', '0.9255', '0.9681', '0.9415', '0.9947', '0.9894', '0.9947', '0.9362', '0.9415', '0.9628', '0.9787', '0.9681']
valid_precision_score_each_class = ['0.6071', '0.8421', '0.9565', '0.9149', '1.0000', '1.0000', '0.7500', '0.8654', '0.7778', '0.6667', '1.0000', '0.9524']
valid_recall_score_each_class = ['0.7391', '0.9057', '0.9167', '0.8600', '0.9167', '0.8571', '1.0000', '0.9000', '0.4375', '0.6000', '0.8095', '0.9091']
valid_f1_score_each_class = ['0.6667', '0.8727', '0.9362', '0.8866', '0.9565', '0.9231', '0.8571', '0.8824', '0.5600', '0.6316', '0.8947', '0.9302']
epoch 49 valid end : avg_val_loss = 0.1480
epoch 49 valid end : avg_accuracy_score = 0.9592
epoch 49 valid end : macro_precision_score = 0.8611
epoch 49 valid end : macro_recall_score = 0.8209
epoch 49 valid end : macro_f1_score = 0.8332
epoch 50 train end : avg_train_loss = 0.0159
epoch 50 train end : avg_accuracy_score = 0.9967
epoch 50 train end : macro_precision_score = 0.9894
epoch 50 train end : macro_recall_score = 0.9913
epoch 50 train end : macro_f1_score = 0.9903
valid_accuracy_score_each_class = ['0.9202', '0.9096', '0.9415', '0.9255', '0.9947', '0.9840', '0.9947', '0.9255', '0.9362', '0.9681', '0.9734', '0.9681']
valid_precision_score_each_class = ['0.7000', '0.7727', '0.8491', '0.8333', '1.0000', '1.0000', '0.7500', '0.9286', '0.8333', '0.7500', '1.0000', '0.9524']
valid_recall_score_each_class = ['0.6087', '0.9623', '0.9375', '0.9000', '0.9167', '0.7857', '1.0000', '0.7800', '0.3125', '0.6000', '0.7619', '0.9091']
valid_f1_score_each_class = ['0.6512', '0.8571', '0.8911', '0.8654', '0.9565', '0.8800', '0.8571', '0.8478', '0.4545', '0.6667', '0.8649', '0.9302']
epoch 50 valid end : avg_val_loss = 0.1737
epoch 50 valid end : avg_accuracy_score = 0.9535
epoch 50 valid end : macro_precision_score = 0.8641
epoch 50 valid end : macro_recall_score = 0.7895
epoch 50 valid end : macro_f1_score = 0.8102
epoch 51 train end : avg_train_loss = 0.0140
epoch 51 train end : avg_accuracy_score = 0.9966
epoch 51 train end : macro_precision_score = 0.9866
epoch 51 train end : macro_recall_score = 0.9906
epoch 51 train end : macro_f1_score = 0.9886
valid_accuracy_score_each_class = ['0.9096', '0.9309', '0.9734', '0.9309', '0.9947', '0.9894', '0.9894', '0.9628', '0.9255', '0.9734', '0.9787', '0.9681']
valid_precision_score_each_class = ['0.6071', '0.8571', '0.9778', '0.8776', '1.0000', '1.0000', '0.6000', '0.9388', '0.7500', '0.8571', '1.0000', '0.9524']
valid_recall_score_each_class = ['0.7391', '0.9057', '0.9167', '0.8600', '0.9167', '0.8571', '1.0000', '0.9200', '0.1875', '0.6000', '0.8095', '0.9091']
valid_f1_score_each_class = ['0.6667', '0.8807', '0.9462', '0.8687', '0.9565', '0.9231', '0.7500', '0.9293', '0.3000', '0.7059', '0.8947', '0.9302']
epoch 51 valid end : avg_val_loss = 0.1630
epoch 51 valid end : avg_accuracy_score = 0.9605
epoch 51 valid end : macro_precision_score = 0.8682
epoch 51 valid end : macro_recall_score = 0.8018
epoch 51 valid end : macro_f1_score = 0.8127
epoch 52 train end : avg_train_loss = 0.0138
epoch 52 train end : avg_accuracy_score = 0.9962
epoch 52 train end : macro_precision_score = 0.9882
epoch 52 train end : macro_recall_score = 0.9874
epoch 52 train end : macro_f1_score = 0.9878
valid_accuracy_score_each_class = ['0.9096', '0.9202', '0.9521', '0.9202', '0.9947', '0.9894', '0.9840', '0.9362', '0.9362', '0.9574', '0.9787', '0.9734']
valid_precision_score_each_class = ['0.6667', '0.8065', '0.8824', '0.8889', '1.0000', '1.0000', '0.5000', '0.9318', '0.7500', '0.6000', '1.0000', '0.9756']
valid_recall_score_each_class = ['0.5217', '0.9434', '0.9375', '0.8000', '0.9167', '0.8571', '0.6667', '0.8200', '0.3750', '0.6000', '0.8095', '0.9091']
valid_f1_score_each_class = ['0.5854', '0.8696', '0.9091', '0.8421', '0.9565', '0.9231', '0.5714', '0.8723', '0.5000', '0.6000', '0.8947', '0.9412']
epoch 52 valid end : avg_val_loss = 0.1560
epoch 52 valid end : avg_accuracy_score = 0.9543
epoch 52 valid end : macro_precision_score = 0.8335
epoch 52 valid end : macro_recall_score = 0.7631
epoch 52 valid end : macro_f1_score = 0.7888
epoch 53 train end : avg_train_loss = 0.0131
epoch 53 train end : avg_accuracy_score = 0.9965
epoch 53 train end : macro_precision_score = 0.9921
epoch 53 train end : macro_recall_score = 0.9892
epoch 53 train end : macro_f1_score = 0.9905
valid_accuracy_score_each_class = ['0.9149', '0.9309', '0.9574', '0.9096', '0.9947', '0.9894', '0.9840', '0.9521', '0.9362', '0.9734', '0.9787', '0.9681']
valid_precision_score_each_class = ['0.6667', '0.8571', '0.9167', '0.7895', '1.0000', '1.0000', '0.5000', '0.9362', '0.7500', '0.8571', '1.0000', '0.9524']
valid_recall_score_each_class = ['0.6087', '0.9057', '0.9167', '0.9000', '0.9167', '0.8571', '0.6667', '0.8800', '0.3750', '0.6000', '0.8095', '0.9091']
valid_f1_score_each_class = ['0.6364', '0.8807', '0.9167', '0.8411', '0.9565', '0.9231', '0.5714', '0.9072', '0.5000', '0.7059', '0.8947', '0.9302']
epoch 53 valid end : avg_val_loss = 0.1671
epoch 53 valid end : avg_accuracy_score = 0.9574
epoch 53 valid end : macro_precision_score = 0.8521
epoch 53 valid end : macro_recall_score = 0.7788
epoch 53 valid end : macro_f1_score = 0.8053
epoch 54 train end : avg_train_loss = 0.0134
epoch 54 train end : avg_accuracy_score = 0.9957
epoch 54 train end : macro_precision_score = 0.9888
epoch 54 train end : macro_recall_score = 0.9891
epoch 54 train end : macro_f1_score = 0.9889
valid_accuracy_score_each_class = ['0.9043', '0.9096', '0.9468', '0.9096', '0.9947', '0.9840', '0.9894', '0.9309', '0.9362', '0.9734', '0.9787', '0.9681']
valid_precision_score_each_class = ['0.5862', '0.7903', '0.8654', '0.8000', '1.0000', '1.0000', '0.6000', '0.9302', '0.8333', '0.8571', '1.0000', '0.9524']
valid_recall_score_each_class = ['0.7391', '0.9245', '0.9375', '0.8800', '0.9167', '0.7857', '1.0000', '0.8000', '0.3125', '0.6000', '0.8095', '0.9091']
valid_f1_score_each_class = ['0.6538', '0.8522', '0.9000', '0.8381', '0.9565', '0.8800', '0.7500', '0.8602', '0.4545', '0.7059', '0.8947', '0.9302']
epoch 54 valid end : avg_val_loss = 0.1788
epoch 54 valid end : avg_accuracy_score = 0.9521
epoch 54 valid end : macro_precision_score = 0.8513
epoch 54 valid end : macro_recall_score = 0.8012
epoch 54 valid end : macro_f1_score = 0.8064
epoch 55 train end : avg_train_loss = 0.0139
epoch 55 train end : avg_accuracy_score = 0.9963
epoch 55 train end : macro_precision_score = 0.9910
epoch 55 train end : macro_recall_score = 0.9903
epoch 55 train end : macro_f1_score = 0.9906
valid_accuracy_score_each_class = ['0.9043', '0.9096', '0.9362', '0.9149', '0.9894', '0.9787', '0.9894', '0.9521', '0.9309', '0.9681', '0.9734', '0.9681']
valid_precision_score_each_class = ['0.6000', '0.7812', '0.8462', '0.8148', '1.0000', '1.0000', '0.6000', '0.9184', '0.7143', '0.7500', '1.0000', '0.9524']
valid_recall_score_each_class = ['0.6522', '0.9434', '0.9167', '0.8800', '0.8333', '0.7143', '1.0000', '0.9000', '0.3125', '0.6000', '0.7619', '0.9091']
valid_f1_score_each_class = ['0.6250', '0.8547', '0.8800', '0.8462', '0.9091', '0.8333', '0.7500', '0.9091', '0.4348', '0.6667', '0.8649', '0.9302']
epoch 55 valid end : avg_val_loss = 0.1805
epoch 55 valid end : avg_accuracy_score = 0.9512
epoch 55 valid end : macro_precision_score = 0.8314
epoch 55 valid end : macro_recall_score = 0.7853
epoch 55 valid end : macro_f1_score = 0.7920
epoch 56 train end : avg_train_loss = 0.0138
epoch 56 train end : avg_accuracy_score = 0.9954
epoch 56 train end : macro_precision_score = 0.9834
epoch 56 train end : macro_recall_score = 0.9877
epoch 56 train end : macro_f1_score = 0.9855
valid_accuracy_score_each_class = ['0.9149', '0.9202', '0.9628', '0.9309', '0.9840', '0.9840', '0.9947', '0.9362', '0.9362', '0.9734', '0.9734', '0.9681']
valid_precision_score_each_class = ['0.6400', '0.8276', '0.9556', '0.8627', '1.0000', '1.0000', '0.7500', '0.9318', '0.7500', '0.8571', '1.0000', '0.9524']
valid_recall_score_each_class = ['0.6957', '0.9057', '0.8958', '0.8800', '0.7500', '0.7857', '1.0000', '0.8200', '0.3750', '0.6000', '0.7619', '0.9091']
valid_f1_score_each_class = ['0.6667', '0.8649', '0.9247', '0.8713', '0.8571', '0.8800', '0.8571', '0.8723', '0.5000', '0.7059', '0.8649', '0.9302']
epoch 56 valid end : avg_val_loss = 0.1675
epoch 56 valid end : avg_accuracy_score = 0.9566
epoch 56 valid end : macro_precision_score = 0.8773
epoch 56 valid end : macro_recall_score = 0.7816
epoch 56 valid end : macro_f1_score = 0.8163
epoch 57 train end : avg_train_loss = 0.0131
epoch 57 train end : avg_accuracy_score = 0.9957
epoch 57 train end : macro_precision_score = 0.9910
epoch 57 train end : macro_recall_score = 0.9841
epoch 57 train end : macro_f1_score = 0.9874
valid_accuracy_score_each_class = ['0.9255', '0.9309', '0.9362', '0.9096', '0.9894', '0.9840', '0.9840', '0.9362', '0.9362', '0.9787', '0.9840', '0.9681']
valid_precision_score_each_class = ['0.6667', '0.8448', '0.8214', '0.7895', '0.8571', '1.0000', '0.5000', '0.9318', '0.7000', '0.8000', '0.9500', '0.9750']
valid_recall_score_each_class = ['0.7826', '0.9245', '0.9583', '0.9000', '1.0000', '0.7857', '0.3333', '0.8200', '0.4375', '0.8000', '0.9048', '0.8864']
valid_f1_score_each_class = ['0.7200', '0.8829', '0.8846', '0.8411', '0.9231', '0.8800', '0.4000', '0.8723', '0.5385', '0.8000', '0.9268', '0.9286']
epoch 57 valid end : avg_val_loss = 0.1829
epoch 57 valid end : avg_accuracy_score = 0.9552
epoch 57 valid end : macro_precision_score = 0.8197
epoch 57 valid end : macro_recall_score = 0.7944
epoch 57 valid end : macro_f1_score = 0.7998
epoch 58 train end : avg_train_loss = 0.0174
epoch 58 train end : avg_accuracy_score = 0.9953
epoch 58 train end : macro_precision_score = 0.9811
epoch 58 train end : macro_recall_score = 0.9819
epoch 58 train end : macro_f1_score = 0.9814
valid_accuracy_score_each_class = ['0.9096', '0.9096', '0.9468', '0.9149', '0.9894', '0.9787', '0.9840', '0.9468', '0.9309', '0.9787', '0.9574', '0.9628']
valid_precision_score_each_class = ['0.6000', '0.8000', '0.9318', '0.8148', '0.9167', '1.0000', '0.5000', '0.9000', '0.6364', '1.0000', '0.9333', '0.9744']
valid_recall_score_each_class = ['0.7826', '0.9057', '0.8542', '0.8800', '0.9167', '0.7143', '0.6667', '0.9000', '0.4375', '0.6000', '0.6667', '0.8636']
valid_f1_score_each_class = ['0.6792', '0.8496', '0.8913', '0.8462', '0.9167', '0.8333', '0.5714', '0.9000', '0.5185', '0.7500', '0.7778', '0.9157']
epoch 58 valid end : avg_val_loss = 0.1852
epoch 58 valid end : avg_accuracy_score = 0.9508
epoch 58 valid end : macro_precision_score = 0.8339
epoch 58 valid end : macro_recall_score = 0.7657
epoch 58 valid end : macro_f1_score = 0.7875
epoch 59 train end : avg_train_loss = 0.0251
epoch 59 train end : avg_accuracy_score = 0.9920
epoch 59 train end : macro_precision_score = 0.9722
epoch 59 train end : macro_recall_score = 0.9543
epoch 59 train end : macro_f1_score = 0.9629
valid_accuracy_score_each_class = ['0.9043', '0.9255', '0.9574', '0.9309', '0.9894', '0.9840', '0.9415', '0.9574', '0.9468', '0.9734', '0.9628', '0.9787']
valid_precision_score_each_class = ['0.6087', '0.8421', '0.9000', '0.9302', '1.0000', '0.9231', '0.2143', '0.9375', '1.0000', '0.7778', '1.0000', '1.0000']
valid_recall_score_each_class = ['0.6087', '0.9057', '0.9375', '0.8000', '0.8333', '0.8571', '1.0000', '0.9000', '0.3750', '0.7000', '0.6667', '0.9091']
valid_f1_score_each_class = ['0.6087', '0.8727', '0.9184', '0.8602', '0.9091', '0.8889', '0.3529', '0.9184', '0.5455', '0.7368', '0.8000', '0.9524']
epoch 59 valid end : avg_val_loss = 0.1729
epoch 59 valid end : avg_accuracy_score = 0.9543
epoch 59 valid end : macro_precision_score = 0.8445
epoch 59 valid end : macro_recall_score = 0.7911
epoch 59 valid end : macro_f1_score = 0.7803
Early stopping at epoch: 59
Best epoch:  29
Best f1 epoch:  31
Training and Validation Stage Done...
